{"logTime": "0713/133106", "correlationVector":"Oh+uXx2466dTx0xQjHQw0O.78","action":"GetUpdates", "result":"DeleteReceived", "context":{"id":"75ff86c4-de71-4c5a-84f8-2454893ca8ab", "isDeleted:":"true", "version":"1688920042564"}}
{"logTime": "0713/133106", "correlationVector":"Oh+uXx2466dTx0xQjHQw0O.79","action":"GetUpdates", "result":"DeleteReceived", "context":{"id":"f0b067f8-4b3e-4ced-a04f-45a3e87e1866", "isDeleted:":"true", "version":"1688920042566"}}
{"logTime": "0713/133106", "correlationVector":"Oh+uXx2466dTx0xQjHQw0O.80","action":"GetUpdates", "result":"DeleteReceived", "context":{"id":"927835d4-f95c-431c-9de7-8f9b8208550e", "isDeleted:":"true", "version":"1688920042567"}}
{"logTime": "0713/133106", "correlationVector":"Oh+uXx2466dTx0xQjHQw0O.81","action":"GetUpdates", "result":"DeleteReceived", "context":{"id":"4df9fd7a-e267-4959-ad52-b429f284472e", "isDeleted:":"true", "version":"1688920042568"}}
{"logTime": "0713/133106", "correlationVector":"Oh+uXx2466dTx0xQjHQw0O.82","action":"GetUpdates", "result":"DeleteReceived", "context":{"id":"b2455c57-bc43-4804-83e6-8f43d106c0c5", "isDeleted:":"true", "version":"1688946813400"}}
{"logTime": "0713/133106", "correlationVector":"Oh+uXx2466dTx0xQjHQw0O.83","action":"GetUpdates", "result":"DeleteReceived", "context":{"id":"27bd05af-88bd-4233-a65a-2d335a589d7d", "isDeleted:":"true", "version":"1688946813402"}}
{"logTime": "0713/133106", "correlationVector":"Oh+uXx2466dTx0xQjHQw0O.84","action":"GetUpdates", "result":"DeleteReceived", "context":{"id":"16410b26-ecb5-47c6-9c73-59d14aa32b09", "isDeleted:":"true", "version":"1688947603870"}}
{"logTime": "0713/133106", "correlationVector":"Oh+uXx2466dTx0xQjHQw0O.85","action":"GetUpdates", "result":"DeleteReceived", "context":{"id":"f8bb5718-8e5d-41e3-bb1a-b8213d52a624", "isDeleted:":"true", "version":"1688947634479"}}
{"logTime": "0713/133106", "correlationVector":"Oh+uXx2466dTx0xQjHQw0O.86","action":"GetUpdates", "result":"DeleteReceived", "context":{"id":"160aaf27-5961-4574-a0d2-8edf4f9ebb43", "isDeleted:":"true", "version":"1688947936294"}}
{"logTime": "0713/133106", "correlationVector":"Oh+uXx2466dTx0xQjHQw0O.87","action":"GetUpdates", "result":"DeleteReceived", "context":{"id":"3f2b6036-858c-4a40-92b3-1b6d9a8165ec", "isDeleted:":"true", "version":"1688956847605"}}
{"logTime": "0713/133106", "correlationVector":"Oh+uXx2466dTx0xQjHQw0O.88","action":"GetUpdates", "result":"DeleteReceived", "context":{"id":"fc8413db-5426-453d-ae10-31a6dd7ce1bc", "isDeleted:":"true", "version":"1689042694354"}}
{"logTime": "0713/133106", "correlationVector":"Oh+uXx2466dTx0xQjHQw0O.89","action":"GetUpdates", "result":"DeleteReceived", "context":{"id":"b4edc8e1-a278-428a-975c-37a6b24645ca", "isDeleted:":"true", "version":"1689042694360"}}
{"logTime": "0713/133106", "correlationVector":"Oh+uXx2466dTx0xQjHQw0O.90","action":"GetUpdates", "result":"DeleteReceived", "context":{"id":"55d11478-5c10-4bfd-b777-5fa2943aa1fe", "isDeleted:":"true", "version":"1689042694361"}}
{"logTime": "0713/133106", "correlationVector":"Oh+uXx2466dTx0xQjHQw0O.91","action":"GetUpdates", "result":"DeleteReceived", "context":{"id":"ce5fffff-b3a9-4ca9-b65e-efdedf99e529", "isDeleted:":"true", "version":"1689046066025"}}
{"logTime": "0713/133106", "correlationVector":"Oh+uXx2466dTx0xQjHQw0O.92","action":"GetUpdates", "result":"DeleteReceived", "context":{"id":"51ac93a7-42df-4501-97b8-11fe6ebe8016", "isDeleted:":"true", "version":"1689046066026"}}
{"logTime": "0713/133106", "correlationVector":"Oh+uXx2466dTx0xQjHQw0O.93","action":"GetUpdates", "result":"DeleteReceived", "context":{"id":"d6b4e499-fa04-49bc-8923-d4b8c66fd860", "isDeleted:":"true", "version":"1689046308937"}}
{"logTime": "0713/133106", "correlationVector":"Oh+uXx2466dTx0xQjHQw0O.94","action":"GetUpdates", "result":"DeleteReceived", "context":{"id":"65d508d3-60d6-4330-93f4-bfa603344c05", "isDeleted:":"true", "version":"1689046308939"}}
{"logTime": "0713/133106", "correlationVector":"Oh+uXx2466dTx0xQjHQw0O.95","action":"GetUpdates", "result":"DeleteReceived", "context":{"id":"c905eb7d-b1d3-4721-9120-ac190bea2d1f", "isDeleted:":"true", "version":"1689046308940"}}
{"logTime": "0713/133106", "correlationVector":"Oh+uXx2466dTx0xQjHQw0O.96","action":"GetUpdates", "result":"DeleteReceived", "context":{"id":"4b78b97b-3bef-4f63-8382-ea1c27c9f3d8", "isDeleted:":"true", "version":"1689046308941"}}
{"logTime": "0713/133106", "correlationVector":"Oh+uXx2466dTx0xQjHQw0O.97","action":"GetUpdates", "result":"DeleteReceived", "context":{"id":"8fd9db5a-2440-4f14-9c7c-f904bd2f2c84", "isDeleted:":"true", "version":"1689046308943"}}
{"logTime": "0713/133106", "correlationVector":"Oh+uXx2466dTx0xQjHQw0O.98","action":"GetUpdates", "result":"DeleteReceived", "context":{"id":"e26c00f9-a4dd-4fad-85d7-b7fa7a163f0d", "isDeleted:":"true", "version":"1689046308944"}}
{"logTime": "0713/133106", "correlationVector":"Oh+uXx2466dTx0xQjHQw0O.99","action":"GetUpdates", "result":"DeleteReceived", "context":{"id":"29362d20-7eec-4ae9-9bff-b0e19c5be1d3", "isDeleted:":"true", "version":"1689046340091"}}
{"logTime": "0713/133106", "correlationVector":"Oh+uXx2466dTx0xQjHQw0O.100","action":"GetUpdates", "result":"DeleteReceived", "context":{"id":"93a8f05d-9dbe-4f3d-80d8-d343e0030074", "isDeleted:":"true", "version":"1689046550485"}}
{"logTime": "0713/133106", "correlationVector":"Oh+uXx2466dTx0xQjHQw0O.101","action":"GetUpdates", "result":"DeleteReceived", "context":{"id":"1ab2ca8b-512c-4df9-9c12-1cdeb7628de3", "isDeleted:":"true", "version":"1689050954042"}}
{"logTime": "0713/133106", "correlationVector":"Oh+uXx2466dTx0xQjHQw0O.102","action":"GetUpdates", "result":"DeleteReceived", "context":{"id":"95239d47-1057-48fb-81c3-688c4ad0e2ea", "isDeleted:":"true", "version":"1689050954045"}}
{"logTime": "0713/133106", "correlationVector":"Oh+uXx2466dTx0xQjHQw0O.103","action":"GetUpdates", "result":"DeleteReceived", "context":{"id":"042f35c9-26a0-42bf-97b1-06e0a41a45f9", "isDeleted:":"true", "version":"1689052108781"}}
{"logTime": "0713/133106", "correlationVector":"Oh+uXx2466dTx0xQjHQw0O.104","action":"GetUpdates", "result":"DeleteReceived", "context":{"id":"5cbbf301-d8df-496b-83be-98bf9c1248fa", "isDeleted:":"true", "version":"1689052108783"}}
{"logTime": "0713/133106", "correlationVector":"Oh+uXx2466dTx0xQjHQw0O.105","action":"GetUpdates", "result":"DeleteReceived", "context":{"id":"e374f205-e2b4-4c12-ba1f-8987ab3e3684", "isDeleted:":"true", "version":"1689052108784"}}
{"logTime": "0713/133106", "correlationVector":"Oh+uXx2466dTx0xQjHQw0O.106","action":"GetUpdates", "result":"DeleteReceived", "context":{"id":"2d0554b2-a97f-41ac-9417-3f89158a40ff", "isDeleted:":"true", "version":"1689052108785"}}
{"logTime": "0713/133106", "correlationVector":"Oh+uXx2466dTx0xQjHQw0O.107","action":"GetUpdates", "result":"DeleteReceived", "context":{"id":"e7a51244-99d1-4dad-a65f-a9eae764d921", "isDeleted:":"true", "version":"1689149429378"}}
{"logTime": "0713/133106", "correlationVector":"Oh+uXx2466dTx0xQjHQw0O.108","action":"GetUpdates", "result":"DeleteReceived", "context":{"id":"1bc88cef-36ac-438e-993e-519bbf66f324", "isDeleted:":"true", "version":"1689149429380"}}
{"logTime": "0713/133106", "correlationVector":"Oh+uXx2466dTx0xQjHQw0O.109","action":"GetUpdates", "result":"DeleteReceived", "context":{"id":"c398ca2f-4193-4a07-92bd-a6e4c7b294ae", "isDeleted:":"true", "version":"1689149429381"}}
{"logTime": "0713/133106", "correlationVector":"Oh+uXx2466dTx0xQjHQw0O.110","action":"GetUpdates", "result":"DeleteReceived", "context":{"id":"2903ed72-4ffc-4247-a0c8-cae308f99174", "isDeleted:":"true", "version":"1689216080501"}}
{"logTime": "0713/133106", "correlationVector":"Oh+uXx2466dTx0xQjHQw0O.111","action":"GetUpdates", "result":"DeleteReceived", "context":{"id":"a0ffb2bd-5a7a-49e1-a025-c967b851392a", "isDeleted:":"true", "version":"1689217006098"}}
{"logTime": "0713/133106", "correlationVector":"Oh+uXx2466dTx0xQjHQw0O.112","action":"GetUpdates", "result":"DeleteReceived", "context":{"id":"fb1ea80c-87d8-46d5-a776-fe8567209d29", "isDeleted:":"true", "version":"1689217006103"}}
{"logTime": "0713/133106", "correlationVector":"Oh+uXx2466dTx0xQjHQw0O.113","action":"GetUpdates", "result":"DeleteReceived", "context":{"id":"b21e68f1-e6b2-466b-8cee-88e7824e3554", "isDeleted:":"true", "version":"1689228603047"}}
{"logTime": "0713/133106", "correlationVector":"Oh+uXx2466dTx0xQjHQw0O.114","action":"GetUpdates", "result":"DeleteReceived", "context":{"id":"ca288775-efa0-4ac8-9373-ee5d713eedeb", "isDeleted:":"true", "version":"1689228603050"}}
{"logTime": "0713/133106", "correlationVector":"Oh+uXx2466dTx0xQjHQw0O.115","action":"GetUpdates", "result":"DeleteReceived", "context":{"id":"50a7ede0-c740-4018-8612-2d73066c7dbf", "isDeleted:":"true", "version":"1689228603051"}}
{"logTime": "0713/133106", "correlationVector":"Oh+uXx2466dTx0xQjHQw0O.116","action":"GetUpdates", "result":"DeleteReceived", "context":{"id":"733563a1-1513-408f-a8ab-53ab1bbbe49a", "isDeleted:":"true", "version":"1689228603052"}}
{"logTime": "0713/133106", "correlationVector":"Oh+uXx2466dTx0xQjHQw0O.117","action":"GetUpdates", "result":"DeleteReceived", "context":{"id":"f5d5b170-693a-4105-9c3a-eb030269a477", "isDeleted:":"true", "version":"1689228603053"}}
{"logTime": "0713/133106", "correlationVector":"Oh+uXx2466dTx0xQjHQw0O.118","action":"GetUpdates", "result":"DeleteReceived", "context":{"id":"48c8f05e-a05d-4e9a-ab8c-20d38361ee6d", "isDeleted:":"true", "version":"1689228728809"}}
{"logTime": "0713/133106", "correlationVector":"Oh+uXx2466dTx0xQjHQw0O.119","action":"GetUpdates", "result":"DeleteReceived", "context":{"id":"405f121e-1fed-499d-a170-a528e103ed2e", "isDeleted:":"true", "version":"1689229946662"}}
{"logTime": "0713/133106", "correlationVector":"Oh+uXx2466dTx0xQjHQw0O.120","action":"GetUpdates", "result":"DeleteReceived", "context":{"id":"86f49552-e99d-4ae4-beb2-b1d8fe92b8c1", "isDeleted:":"true", "version":"1689231875568"}}
{"logTime": "0713/133106", "correlationVector":"Oh+uXx2466dTx0xQjHQw0O.121","action":"GetUpdates", "result":"DeleteReceived", "context":{"id":"d3570b7a-2a54-42ba-b08e-0dc042724737", "isDeleted:":"true", "version":"1689251145798"}}
{"logTime": "0713/133106", "correlationVector":"Oh+uXx2466dTx0xQjHQw0O.122","action":"GetUpdates", "result":"DeleteReceived", "context":{"id":"163a0232-20d7-4bfe-a206-4e1f5ddda999", "isDeleted:":"true", "version":"1689251145799"}}
{"logTime": "0713/133106", "correlationVector":"Oh+uXx2466dTx0xQjHQw0O.123","action":"GetUpdates", "result":"DeleteReceived", "context":{"id":"39d7f308-1183-421c-9a3a-9c7a942dded4", "isDeleted:":"true", "version":"1689251145802"}}
{"logTime": "0713/133106", "correlationVector":"Oh+uXx2466dTx0xQjHQw0O.124","action":"GetUpdates", "result":"DeleteReceived", "context":{"id":"6bb1f725-d042-4c52-8874-442f4d7ecb7d", "isDeleted:":"true", "version":"1689251145803"}}
{"logTime": "0713/133106", "correlationVector":"Oh+uXx2466dTx0xQjHQw0O.125","action":"GetUpdates", "result":"DeleteReceived", "context":{"id":"4490f44e-1ca2-459a-ba41-48b5a11e21c0", "isDeleted:":"true", "version":"1689251145804"}}
{"logTime": "0713/133106", "correlationVector":"Oh+uXx2466dTx0xQjHQw0O.126","action":"GetUpdates", "result":"DeleteReceived", "context":{"id":"39e228bf-bde6-42cb-9c88-7a446ecc044a", "isDeleted:":"true", "version":"1689251145805"}}
{"logTime": "0713/133106", "correlationVector":"Oh+uXx2466dTx0xQjHQw0O.127","action":"GetUpdates", "result":"DeleteReceived", "context":{"id":"9be09081-6d9f-4d36-8fb7-83e85c35a4aa", "isDeleted:":"true", "version":"1689251145806"}}
{"logTime": "0713/133106", "correlationVector":"Oh+uXx2466dTx0xQjHQw0O.128","action":"GetUpdates", "result":"DeleteReceived", "context":{"id":"7ee688dd-5359-4ee9-aa35-fbd32cf71900", "isDeleted:":"true", "version":"1689251240601"}}
{"logTime": "0713/133106", "correlationVector":"Oh+uXx2466dTx0xQjHQw0O.129","action":"GetUpdates", "result":"DeleteReceived", "context":{"id":"f637324c-e085-4842-8116-516ac4046279", "isDeleted:":"true", "version":"1689251240602"}}
{"logTime": "0713/133106", "correlationVector":"Oh+uXx2466dTx0xQjHQw0O.130","action":"GetUpdates", "result":"DeleteReceived", "context":{"id":"9bd16859-f5cd-4c30-b468-752609c912df", "isDeleted:":"true", "version":"1689251240603"}}
{"logTime": "0713/133106", "correlationVector":"Oh+uXx2466dTx0xQjHQw0O.131","action":"GetUpdates", "result":"DeleteReceived", "context":{"id":"1a9f1fd3-f531-4b2a-897e-970f01ee1747", "isDeleted:":"true", "version":"1689251240604"}}
{"logTime": "0713/133106", "correlationVector":"Oh+uXx2466dTx0xQjHQw0O.132","action":"GetUpdates", "result":"DeleteReceived", "context":{"id":"8b0c0b9a-bd06-45fd-85b2-29c8d725bac4", "isDeleted:":"true", "version":"1689251240605"}}
{"logTime": "0713/133106", "correlationVector":"Oh+uXx2466dTx0xQjHQw0O.133","action":"GetUpdates", "result":"DeleteReceived", "context":{"id":"f8baf72f-8196-43e6-ba85-462585202f0f", "isDeleted:":"true", "version":"1689254337551"}}
{"logTime": "0713/133106", "correlationVector":"Oh+uXx2466dTx0xQjHQw0O.134","action":"GetUpdates", "result":"DeleteReceived", "context":{"id":"a62dcd04-5018-41ab-b6e6-8b5649f64291", "isDeleted:":"true", "version":"1689254875525"}}
{"logTime": "0713/133106", "correlationVector":"Oh+uXx2466dTx0xQjHQw0O.135","action":"GetUpdates", "result":"DeleteReceived", "context":{"id":"3c69240b-8792-4789-b64b-414c01fd6349", "isDeleted:":"true", "version":"1689254875527"}}
{"logTime": "0713/133106", "correlationVector":"Oh+uXx2466dTx0xQjHQw0O.136","action":"GetUpdates Response", "result":"SYNCER_OK", "context":Received 169 update(s). cV=Oh+uXx2466dTx0xQjHQw0O.0;server=GENERAL0100001K;cloudType=Consumer;environment=Prod_SoutheastAsia_000j;migrationStage=NotStarted}
{"logTime": "0713/133106", "correlationVector":"9176yAchwWYeEkZd/q5gxL","action":"Commit Request", "result":"", "context":Item count: 1
Contributing types: Device Info}
{"logTime": "0713/133106", "correlationVector":"9176yAchwWYeEkZd/q5gxL.1","action":"SyncServerConnectionManagerRequest", "result":"SYNC_SERVER_OK", "context":{"environment":"Prod_SoutheastAsia_000j", "migrationStage":"NotStarted", "server":"general0100000I"}}
{"logTime": "0713/133106", "correlationVector":"9176yAchwWYeEkZd/q5gxL.2","action":"Commit Response", "result":"SYNCER_OK", "context":Result: SYNCER_OK. cV=9176yAchwWYeEkZd/q5gxL.0;server=general0100000I;cloudType=Consumer;environment=Prod_SoutheastAsia_000j;migrationStage=NotStarted}
{"logTime": "0713/133106", "correlationVector":"y/ClSQPnmjb06pRCk7DAsQ","action":"Commit Request", "result":"", "context":Item count: 3
Contributing types: Sessions, User Consents}
{"logTime": "0713/133106", "correlationVector":"y/ClSQPnmjb06pRCk7DAsQ.1","action":"SyncServerConnectionManagerRequest", "result":"SYNC_SERVER_OK", "context":{"environment":"Prod_SoutheastAsia_000j", "migrationStage":"NotStarted", "server":"general0100000B"}}
{"logTime": "0713/133106", "correlationVector":"y/ClSQPnmjb06pRCk7DAsQ.2","action":"Commit Response", "result":"SYNCER_OK", "context":Result: SYNCER_OK. cV=y/ClSQPnmjb06pRCk7DAsQ.0;server=general0100000B;cloudType=Consumer;environment=Prod_SoutheastAsia_000j;migrationStage=NotStarted}
{"logTime": "0713/133106", "correlationVector":"kheuPJVaIXcreY9lnNkhh4","action":"SyncServerConnectionManagerRequest", "result":"SYNC_SERVER_OK", "context":{"environment":"", "migrationStage":"", "server":""}}
{"logTime": "0713/133106", "correlationVector":"p3FPfKhdz88z14arwM5ab3","action":"Normal GetUpdate request", "result":"", "context":cV=p3FPfKhdz88z14arwM5ab3
Nudged types: Sessions, Device Info
Refresh requested types: Encryption Keys}
{"logTime": "0713/133106", "correlationVector":"p3FPfKhdz88z14arwM5ab3.1","action":"SyncServerConnectionManagerRequest", "result":"SYNC_SERVER_OK", "context":{"environment":"Prod_SoutheastAsia_000j", "migrationStage":"NotStarted", "server":"GENERAL01000001"}}
{"logTime": "0713/133106", "correlationVector":"p3FPfKhdz88z14arwM5ab3.2","action":"GetUpdates Response", "result":"SYNCER_OK", "context":Received 3 update(s). cV=p3FPfKhdz88z14arwM5ab3.0;server=GENERAL01000001;cloudType=Consumer;environment=Prod_SoutheastAsia_000j;migrationStage=NotStarted}
{"logTime": "0713/133106", "correlationVector":"DWTggL6vp4vBlTtEUOmYDw","action":"Initial GetUpdates", "result":"", "context":Reason: NEWLY_SUPPORTED_DATATYPE. cV=DWTggL6vp4vBlTtEUOmYDw}
{"logTime": "0713/133106", "correlationVector":"DWTggL6vp4vBlTtEUOmYDw.1","action":"SyncServerConnectionManagerRequest", "result":"SYNC_SERVER_OK", "context":{"environment":"Prod_SoutheastAsia_000j", "migrationStage":"NotStarted", "server":"GENERAL0100001H"}}
{"logTime": "0713/133106", "correlationVector":"DWTggL6vp4vBlTtEUOmYDw.2","action":"GetUpdates Response", "result":"SYNCER_OK", "context":Received 18 update(s). cV=DWTggL6vp4vBlTtEUOmYDw.0;server=GENERAL0100001H;cloudType=Consumer;environment=Prod_SoutheastAsia_000j;migrationStage=NotStarted}
{"logTime": "0713/133106", "correlationVector":"FN+7CNBhsf5ODq2Azw9UOF","action":"Normal GetUpdate request", "result":"", "context":cV=FN+7CNBhsf5ODq2Azw9UOF
Refresh requested types: Bookmarks, Preferences, Passwords, Autofill Profiles, Autofill, Autofill Custom Data, Typed URLs, Extensions, Sessions, Extension settings, History Delete Directives, Device Info, User Consents, Send Tab To Self, Web Apps, Collection, Edge E Drop, Encryption Keys}
{"logTime": "0713/133106", "correlationVector":"FN+7CNBhsf5ODq2Azw9UOF.1","action":"SyncServerConnectionManagerRequest", "result":"SYNC_SERVER_OK", "context":{"environment":"Prod_SoutheastAsia_000j", "migrationStage":"NotStarted", "server":"GENERAL0100000Z"}}
{"logTime": "0713/133106", "correlationVector":"FN+7CNBhsf5ODq2Azw9UOF.2","action":"GetUpdates Response", "result":"SERVER_MORE_TO_DOWNLOAD", "context":Received 20 update(s).  Some updates remain.}
{"logTime": "0713/133106", "correlationVector":"9lZNZGfBjImk6a0Ezk5hXr","action":"Normal GetUpdate request", "result":"", "context":cV=9lZNZGfBjImk6a0Ezk5hXr
Refresh requested types: Bookmarks, Preferences, Passwords, Autofill Profiles, Autofill, Autofill Custom Data, Typed URLs, Extensions, Sessions, Extension settings, History Delete Directives, Device Info, User Consents, Send Tab To Self, Web Apps, Collection, Edge E Drop, Encryption Keys}
{"logTime": "0713/133106", "correlationVector":"9lZNZGfBjImk6a0Ezk5hXr.1","action":"SyncServerConnectionManagerRequest", "result":"SYNC_SERVER_OK", "context":{"environment":"Prod_SoutheastAsia_000j", "migrationStage":"NotStarted", "server":"general0100001G"}}
{"logTime": "0713/133106", "correlationVector":"9lZNZGfBjImk6a0Ezk5hXr.2","action":"GetUpdates Response", "result":"SYNCER_OK", "context":Received 68 update(s). cV=9lZNZGfBjImk6a0Ezk5hXr.0;server=general0100001G;cloudType=Consumer;environment=Prod_SoutheastAsia_000j;migrationStage=NotStarted}
{"logTime": "0713/133106", "correlationVector":"WAc/5xYQCGyGRXhGUzwPVp","action":"Commit Request", "result":"", "context":Item count: 4
Contributing types: Autofill}
{"logTime": "0713/133106", "correlationVector":"WAc/5xYQCGyGRXhGUzwPVp.1","action":"SyncServerConnectionManagerRequest", "result":"SYNC_SERVER_OK", "context":{"environment":"Prod_SoutheastAsia_000j", "migrationStage":"NotStarted", "server":"GENERAL0100001E"}}
{"logTime": "0713/133106", "correlationVector":"WAc/5xYQCGyGRXhGUzwPVp.2","action":"Commit Response", "result":"SYNCER_OK", "context":Result: SYNCER_OK. cV=WAc/5xYQCGyGRXhGUzwPVp.0;server=GENERAL0100001E;cloudType=Consumer;environment=Prod_SoutheastAsia_000j;migrationStage=NotStarted}
{"logTime": "0713/133106", "correlationVector":"KK9j64guMyFc2OGhdg6dEF","action":"Normal GetUpdate request", "result":"", "context":cV=KK9j64guMyFc2OGhdg6dEF
Nudged types: Autofill, Sessions}
{"logTime": "0713/133106", "correlationVector":"KK9j64guMyFc2OGhdg6dEF.1","action":"SyncServerConnectionManagerRequest", "result":"SYNC_SERVER_OK", "context":{"environment":"Prod_SoutheastAsia_000j", "migrationStage":"NotStarted", "server":"GENERAL0100000Z"}}
{"logTime": "0713/133106", "correlationVector":"KK9j64guMyFc2OGhdg6dEF.2","action":"GetUpdates Response", "result":"SYNCER_OK", "context":Received 4 update(s). cV=KK9j64guMyFc2OGhdg6dEF.0;server=GENERAL0100000Z;cloudType=Consumer;environment=Prod_SoutheastAsia_000j;migrationStage=NotStarted}
{"logTime": "0713/133106", "correlationVector":"S35cLUVKJVE+6/V0LhXLxg","action":"Commit Request", "result":"", "context":Item count: 1
Contributing types: Sessions}
{"logTime": "0713/133106", "correlationVector":"S35cLUVKJVE+6/V0LhXLxg.1","action":"SyncServerConnectionManagerRequest", "result":"SYNC_SERVER_OK", "context":{"environment":"Prod_SoutheastAsia_000j", "migrationStage":"NotStarted", "server":"GENERAL0100001I"}}
{"logTime": "0713/133106", "correlationVector":"S35cLUVKJVE+6/V0LhXLxg.2","action":"Commit Response", "result":"SYNCER_OK", "context":Result: SYNCER_OK. cV=S35cLUVKJVE+6/V0LhXLxg.0;server=GENERAL0100001I;cloudType=Consumer;environment=Prod_SoutheastAsia_000j;migrationStage=NotStarted}
{"logTime": "0713/133110", "correlationVector":"ItEnk4zGPb0u48WDhmvIvC","action":"Normal GetUpdate request", "result":"", "context":cV=ItEnk4zGPb0u48WDhmvIvC
Nudged types: Sessions
Notified types: Autofill}
{"logTime": "0713/133110", "correlationVector":"ItEnk4zGPb0u48WDhmvIvC.1","action":"SyncServerConnectionManagerRequest", "result":"SYNC_SERVER_OK", "context":{"environment":"Prod_SoutheastAsia_000j", "migrationStage":"NotStarted", "server":"GENERAL0100000K"}}
{"logTime": "0713/133110", "correlationVector":"ItEnk4zGPb0u48WDhmvIvC.2","action":"GetUpdates Response", "result":"SYNCER_OK", "context":Received 1 update(s). cV=ItEnk4zGPb0u48WDhmvIvC.0;server=GENERAL0100000K;cloudType=Consumer;environment=Prod_SoutheastAsia_000j;migrationStage=NotStarted}
{"logTime": "0713/133306", "correlationVector":"MPUc86qvQS9UoedgvwiYXW","action":"Commit Request", "result":"", "context":Item count: 1
Contributing types: Sessions}
{"logTime": "0713/133307", "correlationVector":"MPUc86qvQS9UoedgvwiYXW.1","action":"SyncServerConnectionManagerRequest", "result":"SYNC_SERVER_OK", "context":{"environment":"Prod_SoutheastAsia_000j", "migrationStage":"NotStarted", "server":"GENERAL0100000O"}}
{"logTime": "0713/133307", "correlationVector":"MPUc86qvQS9UoedgvwiYXW.2","action":"Commit Response", "result":"SYNCER_OK", "context":Result: SYNCER_OK. cV=MPUc86qvQS9UoedgvwiYXW.0;server=GENERAL0100000O;cloudType=Consumer;environment=Prod_SoutheastAsia_000j;migrationStage=NotStarted}
{"logTime": "0713/133307", "correlationVector":"qS7v372Mvj4Nx3cwQvQqki","action":"Poll GetUpdate request", "result":"", "context":cV=qS7v372Mvj4Nx3cwQvQqki}
{"logTime": "0713/133308", "correlationVector":"qS7v372Mvj4Nx3cwQvQqki.1","action":"SyncServerConnectionManagerRequest", "result":"SYNC_SERVER_OK", "context":{"environment":"Prod_SoutheastAsia_000j", "migrationStage":"NotStarted", "server":"general0100000B"}}
{"logTime": "0713/133308", "correlationVector":"qS7v372Mvj4Nx3cwQvQqki.2","action":"GetUpdates Response", "result":"SYNCER_OK", "context":Received 1 update(s). cV=qS7v372Mvj4Nx3cwQvQqki.0;server=general0100000B;cloudType=Consumer;environment=Prod_SoutheastAsia_000j;migrationStage=NotStarted}
{"logTime": "0713/133335", "correlationVector":"5f0QEvOB9qnFQEP8ze69m6","action":"Commit Request", "result":"", "context":Item count: 1
Contributing types: Sessions}
{"logTime": "0713/133335", "correlationVector":"5f0QEvOB9qnFQEP8ze69m6.1","action":"SyncServerConnectionManagerRequest", "result":"SYNC_SERVER_OK", "context":{"environment":"Prod_SoutheastAsia_000j", "migrationStage":"NotStarted", "server":"GENERAL01000016"}}
{"logTime": "0713/133335", "correlationVector":"5f0QEvOB9qnFQEP8ze69m6.2","action":"Commit Response", "result":"SYNCER_OK", "context":Result: SYNCER_OK. cV=5f0QEvOB9qnFQEP8ze69m6.0;server=GENERAL01000016;cloudType=Consumer;environment=Prod_SoutheastAsia_000j;migrationStage=NotStarted}
{"logTime": "0713/133455", "correlationVector":"44TKJtCwoDJop1NqpLGH8h","action":"Commit Request", "result":"", "context":Item count: 1
Contributing types: Typed URLs}
{"logTime": "0713/133456", "correlationVector":"44TKJtCwoDJop1NqpLGH8h.1","action":"SyncServerConnectionManagerRequest", "result":"SYNC_SERVER_OK", "context":{"environment":"Prod_SoutheastAsia_000j", "migrationStage":"NotStarted", "server":"GENERAL0100000U"}}
{"logTime": "0713/133456", "correlationVector":"44TKJtCwoDJop1NqpLGH8h.2","action":"Commit Response", "result":"SYNCER_OK", "context":Result: SYNCER_OK. cV=44TKJtCwoDJop1NqpLGH8h.0;server=GENERAL0100000U;cloudType=Consumer;environment=Prod_SoutheastAsia_000j;migrationStage=NotStarted}
{"logTime": "0713/133810", "correlationVector":"9yrMlWuSBZOF990sNzUdBa.0","action":"FeedSettingFetch_homeCloud", "result":"0", "context":{}}
{"logTime": "0713/133810", "correlationVector":"k/NIXVjwkRdmMyTbiW9uKZ.1","action":"SyncServerConnectionManagerRequest", "result":"SYNC_SERVER_OK", "context":{"environment":"Prod_SoutheastAsia_000j", "migrationStage":"NotStarted", "server":"GENERAL0100000H"}}
{"logTime": "0713/133810", "correlationVector":"k/NIXVjwkRdmMyTbiW9uKZ","action":"Initial GetUpdates", "result":"", "context":Reason: NEW_CLIENT. cV=k/NIXVjwkRdmMyTbiW9uKZ}
{"logTime": "0713/133810", "correlationVector":"k/NIXVjwkRdmMyTbiW9uKZ.2","action":"GetUpdates Response", "result":"SYNCER_OK", "context":Received 1 update(s). cV=k/NIXVjwkRdmMyTbiW9uKZ.0;server=GENERAL0100000H;cloudType=Consumer;environment=Prod_SoutheastAsia_000j;migrationStage=NotStarted}
{"logTime": "0713/133810", "correlationVector":"Sn2dvVpT5Mx5SRYgapcqkS","action":"Normal GetUpdate request", "result":"", "context":cV=Sn2dvVpT5Mx5SRYgapcqkS
Nudged types: Sessions, User Consents
Refresh requested types: Bookmarks, Preferences, Autofill Custom Data, Typed URLs, Extensions, Sessions, Extension settings, History Delete Directives, Device Info, User Consents, Send Tab To Self, Web Apps, Collection, Edge E Drop, Encryption Keys}
{"logTime": "0713/133810", "correlationVector":"Sn2dvVpT5Mx5SRYgapcqkS.1","action":"SyncServerConnectionManagerRequest", "result":"SYNC_SERVER_OK", "context":{"environment":"Prod_SoutheastAsia_000j", "migrationStage":"NotStarted", "server":"GENERAL0100000R"}}
{"logTime": "0713/133810", "correlationVector":"Sn2dvVpT5Mx5SRYgapcqkS.2","action":"GetUpdates Response", "result":"SYNCER_OK", "context":Received 3 update(s). cV=Sn2dvVpT5Mx5SRYgapcqkS.0;server=GENERAL0100000R;cloudType=Consumer;environment=Prod_SoutheastAsia_000j;migrationStage=NotStarted}
{"logTime": "0713/133810", "correlationVector":"ZjZ25I74ZFgajw6PJrPe4O","action":"Commit Request", "result":"", "context":Item count: 4
Contributing types: Sessions, User Consents}
{"logTime": "0713/133810", "correlationVector":"ZjZ25I74ZFgajw6PJrPe4O.1","action":"SyncServerConnectionManagerRequest", "result":"SYNC_SERVER_OK", "context":{"environment":"Prod_SoutheastAsia_000j", "migrationStage":"NotStarted", "server":"GENERAL01000018"}}
{"logTime": "0713/133810", "correlationVector":"ZjZ25I74ZFgajw6PJrPe4O.3","action":"Commit.Sessions", "result":"Success", "context":{"id":"ca83010e-d818-40e5-92e9-77c2d3a76d5a", "isDeleted":"true", "size":"0", "version":"1689255215545"}}
{"logTime": "0713/133810", "correlationVector":"ZjZ25I74ZFgajw6PJrPe4O.2","action":"Commit Response", "result":"SYNCER_OK", "context":Result: SYNCER_OK. cV=ZjZ25I74ZFgajw6PJrPe4O.0;server=GENERAL01000018;cloudType=Consumer;environment=Prod_SoutheastAsia_000j;migrationStage=NotStarted}
{"logTime": "0713/133810", "correlationVector":"lgyPUX05k6YRTsitcUqrKm","action":"SyncServerConnectionManagerRequest", "result":"SYNC_SERVER_OK", "context":{"environment":"", "migrationStage":"", "server":""}}
{"logTime": "0713/133810", "correlationVector":"HEsTix1dlfaaVKS0uDU4Qg","action":"Normal GetUpdate request", "result":"", "context":cV=HEsTix1dlfaaVKS0uDU4Qg
Nudged types: Sessions
Refresh requested types: Encryption Keys}
{"logTime": "0713/133810", "correlationVector":"HEsTix1dlfaaVKS0uDU4Qg.1","action":"SyncServerConnectionManagerRequest", "result":"SYNC_SERVER_OK", "context":{"environment":"Prod_SoutheastAsia_000j", "migrationStage":"NotStarted", "server":"GENERAL0100000S"}}
{"logTime": "0713/133810", "correlationVector":"HEsTix1dlfaaVKS0uDU4Qg.2","action":"GetUpdates", "result":"DeleteReceived", "context":{"id":"ca83010e-d818-40e5-92e9-77c2d3a76d5a", "isDeleted:":"true", "version":"1689255477728"}}
{"logTime": "0713/133810", "correlationVector":"HEsTix1dlfaaVKS0uDU4Qg.3","action":"GetUpdates Response", "result":"SYNCER_OK", "context":Received 3 update(s). cV=HEsTix1dlfaaVKS0uDU4Qg.0;server=GENERAL0100000S;cloudType=Consumer;environment=Prod_SoutheastAsia_000j;migrationStage=NotStarted}
{"logTime": "0713/133810", "correlationVector":"6k6uYzZq00BIIK76RCW+EU","action":"Initial GetUpdates", "result":"", "context":Reason: NEWLY_SUPPORTED_DATATYPE. cV=6k6uYzZq00BIIK76RCW+EU}
{"logTime": "0713/133810", "correlationVector":"6k6uYzZq00BIIK76RCW+EU.1","action":"SyncServerConnectionManagerRequest", "result":"SYNC_SERVER_OK", "context":{"environment":"Prod_SoutheastAsia_000j", "migrationStage":"NotStarted", "server":"GENERAL01000017"}}
{"logTime": "0713/133810", "correlationVector":"6k6uYzZq00BIIK76RCW+EU.2","action":"GetUpdates Response", "result":"SYNCER_OK", "context":Received 18 update(s). cV=6k6uYzZq00BIIK76RCW+EU.0;server=GENERAL01000017;cloudType=Consumer;environment=Prod_SoutheastAsia_000j;migrationStage=NotStarted}
{"logTime": "0713/133810", "correlationVector":"lQdWvQJ51mZHdRzc8uCpJf","action":"Normal GetUpdate request", "result":"", "context":cV=lQdWvQJ51mZHdRzc8uCpJf
Refresh requested types: Bookmarks, Preferences, Passwords, Autofill Profiles, Autofill, Autofill Custom Data, Typed URLs, Extensions, Sessions, Extension settings, History Delete Directives, Device Info, User Consents, Send Tab To Self, Web Apps, Collection, Edge E Drop, Encryption Keys}
{"logTime": "0713/133810", "correlationVector":"lQdWvQJ51mZHdRzc8uCpJf.1","action":"SyncServerConnectionManagerRequest", "result":"SYNC_SERVER_OK", "context":{"environment":"Prod_SoutheastAsia_000j", "migrationStage":"NotStarted", "server":"GENERAL01000016"}}
{"logTime": "0713/133810", "correlationVector":"lQdWvQJ51mZHdRzc8uCpJf.2","action":"GetUpdates Response", "result":"SYNCER_OK", "context":Received 0 update(s). cV=lQdWvQJ51mZHdRzc8uCpJf.0;server=GENERAL01000016;cloudType=Consumer;environment=Prod_SoutheastAsia_000j;migrationStage=NotStarted}
{"logTime": "0713/133829", "correlationVector":"Tpt2cxCbwlqfx/W1h9va+9","action":"Normal GetUpdate request", "result":"", "context":cV=Tpt2cxCbwlqfx/W1h9va+9
Nudged types: Preferences, Sessions}
{"logTime": "0713/133830", "correlationVector":"Tpt2cxCbwlqfx/W1h9va+9.1","action":"SyncServerConnectionManagerRequest", "result":"SYNC_SERVER_OK", "context":{"environment":"Prod_SoutheastAsia_000j", "migrationStage":"NotStarted", "server":"general0100000I"}}
{"logTime": "0713/133830", "correlationVector":"Tpt2cxCbwlqfx/W1h9va+9.2","action":"GetUpdates Response", "result":"SYNCER_OK", "context":Received 0 update(s). cV=Tpt2cxCbwlqfx/W1h9va+9.0;server=general0100000I;cloudType=Consumer;environment=Prod_SoutheastAsia_000j;migrationStage=NotStarted}
{"logTime": "0713/133830", "correlationVector":"ousW+1h9nbHtRpN/aRCHWB","action":"Commit Request", "result":"", "context":Item count: 2
Contributing types: Preferences, Sessions}
{"logTime": "0713/133830", "correlationVector":"ousW+1h9nbHtRpN/aRCHWB.1","action":"SyncServerConnectionManagerRequest", "result":"SYNC_SERVER_OK", "context":{"environment":"Prod_SoutheastAsia_000j", "migrationStage":"NotStarted", "server":"general0100000I"}}
{"logTime": "0713/133830", "correlationVector":"ousW+1h9nbHtRpN/aRCHWB.2","action":"Commit Response", "result":"SYNCER_OK", "context":Result: SYNCER_OK. cV=ousW+1h9nbHtRpN/aRCHWB.0;server=general0100000I;cloudType=Consumer;environment=Prod_SoutheastAsia_000j;migrationStage=NotStarted}
{"logTime": "0713/140124", "correlationVector":"xSR+UjQLYHN6HLC25hW9DY.0","action":"FeedSettingFetch_homeCloud", "result":"0", "context":{}}
{"logTime": "0713/140124", "correlationVector":"shSurTTJ8j2RM2mkCX/oz0.1","action":"SyncServerConnectionManagerRequest", "result":"SYNC_SERVER_OK", "context":{"environment":"Prod_SoutheastAsia_000j", "migrationStage":"NotStarted", "server":"GENERAL0100000E"}}
{"logTime": "0713/140124", "correlationVector":"shSurTTJ8j2RM2mkCX/oz0","action":"Initial GetUpdates", "result":"", "context":Reason: NEW_CLIENT. cV=shSurTTJ8j2RM2mkCX/oz0}
{"logTime": "0713/140124", "correlationVector":"shSurTTJ8j2RM2mkCX/oz0.2","action":"GetUpdates Response", "result":"SYNCER_OK", "context":Received 1 update(s). cV=shSurTTJ8j2RM2mkCX/oz0.0;server=GENERAL0100000E;cloudType=Consumer;environment=Prod_SoutheastAsia_000j;migrationStage=NotStarted}
{"logTime": "0713/140124", "correlationVector":"KujaPaR6PYzyv0m6EtgoGb","action":"Normal GetUpdate request", "result":"", "context":cV=KujaPaR6PYzyv0m6EtgoGb
Nudged types: Sessions, User Consents
Refresh requested types: Bookmarks, Preferences, Autofill Custom Data, Typed URLs, Extensions, Sessions, Extension settings, History Delete Directives, Device Info, User Consents, Send Tab To Self, Web Apps, Collection, Edge E Drop, Encryption Keys}
{"logTime": "0713/140124", "correlationVector":"KujaPaR6PYzyv0m6EtgoGb.1","action":"SyncServerConnectionManagerRequest", "result":"SYNC_SERVER_OK", "context":{"environment":"Prod_SoutheastAsia_000j", "migrationStage":"NotStarted", "server":"GENERAL0100000Y"}}
{"logTime": "0713/140124", "correlationVector":"KujaPaR6PYzyv0m6EtgoGb.2","action":"GetUpdates Response", "result":"SYNCER_OK", "context":Received 2 update(s). cV=KujaPaR6PYzyv0m6EtgoGb.0;server=GENERAL0100000Y;cloudType=Consumer;environment=Prod_SoutheastAsia_000j;migrationStage=NotStarted}
{"logTime": "0713/140124", "correlationVector":"ae1h1m8tm6R9bPqEjynrqr","action":"Commit Request", "result":"", "context":Item count: 4
Contributing types: Sessions, User Consents}
{"logTime": "0713/140124", "correlationVector":"ae1h1m8tm6R9bPqEjynrqr.1","action":"SyncServerConnectionManagerRequest", "result":"SYNC_SERVER_OK", "context":{"environment":"Prod_SoutheastAsia_000j", "migrationStage":"NotStarted", "server":"GENERAL0100000T"}}
{"logTime": "0713/140124", "correlationVector":"ae1h1m8tm6R9bPqEjynrqr.3","action":"Commit.Sessions", "result":"Success", "context":{"id":"b4a290ad-6b67-4e7c-be43-472233393963", "isDeleted":"true", "size":"0", "version":"1689255510672"}}
{"logTime": "0713/140124", "correlationVector":"ae1h1m8tm6R9bPqEjynrqr.2","action":"Commit Response", "result":"SYNCER_OK", "context":Result: SYNCER_OK. cV=ae1h1m8tm6R9bPqEjynrqr.0;server=GENERAL0100000T;cloudType=Consumer;environment=Prod_SoutheastAsia_000j;migrationStage=NotStarted}
{"logTime": "0713/140124", "correlationVector":"Rbr/pjaqE5rabdeYcR37yQ","action":"SyncServerConnectionManagerRequest", "result":"SYNC_SERVER_OK", "context":{"environment":"", "migrationStage":"", "server":""}}
{"logTime": "0713/140124", "correlationVector":"e4B3jOLmdG3WeS15MgTI2H","action":"Normal GetUpdate request", "result":"", "context":cV=e4B3jOLmdG3WeS15MgTI2H
Nudged types: Sessions
Refresh requested types: Encryption Keys}
{"logTime": "0713/140124", "correlationVector":"e4B3jOLmdG3WeS15MgTI2H.1","action":"SyncServerConnectionManagerRequest", "result":"SYNC_SERVER_OK", "context":{"environment":"Prod_SoutheastAsia_000j", "migrationStage":"NotStarted", "server":"GENERAL0100000J"}}
{"logTime": "0713/140124", "correlationVector":"e4B3jOLmdG3WeS15MgTI2H.2","action":"GetUpdates", "result":"DeleteReceived", "context":{"id":"b4a290ad-6b67-4e7c-be43-472233393963", "isDeleted:":"true", "version":"1689256878117"}}
{"logTime": "0713/140124", "correlationVector":"e4B3jOLmdG3WeS15MgTI2H.3","action":"GetUpdates Response", "result":"SYNCER_OK", "context":Received 3 update(s). cV=e4B3jOLmdG3WeS15MgTI2H.0;server=GENERAL0100000J;cloudType=Consumer;environment=Prod_SoutheastAsia_000j;migrationStage=NotStarted}
{"logTime": "0713/140124", "correlationVector":"M6WYAWFXOxOLwAPAenP7Sa","action":"Initial GetUpdates", "result":"", "context":Reason: NEWLY_SUPPORTED_DATATYPE. cV=M6WYAWFXOxOLwAPAenP7Sa}
{"logTime": "0713/140124", "correlationVector":"M6WYAWFXOxOLwAPAenP7Sa.1","action":"SyncServerConnectionManagerRequest", "result":"SYNC_SERVER_OK", "context":{"environment":"Prod_SoutheastAsia_000j", "migrationStage":"NotStarted", "server":"general0100001G"}}
{"logTime": "0713/140124", "correlationVector":"M6WYAWFXOxOLwAPAenP7Sa.2","action":"GetUpdates Response", "result":"SYNCER_OK", "context":Received 18 update(s). cV=M6WYAWFXOxOLwAPAenP7Sa.0;server=general0100001G;cloudType=Consumer;environment=Prod_SoutheastAsia_000j;migrationStage=NotStarted}
{"logTime": "0713/140124", "correlationVector":"zOXSEqSQHTRSRVnWNakhUm","action":"Normal GetUpdate request", "result":"", "context":cV=zOXSEqSQHTRSRVnWNakhUm
Refresh requested types: Bookmarks, Preferences, Passwords, Autofill Profiles, Autofill, Autofill Custom Data, Typed URLs, Extensions, Sessions, Extension settings, History Delete Directives, Device Info, User Consents, Send Tab To Self, Web Apps, Collection, Edge E Drop, Encryption Keys}
{"logTime": "0713/140124", "correlationVector":"zOXSEqSQHTRSRVnWNakhUm.1","action":"SyncServerConnectionManagerRequest", "result":"SYNC_SERVER_OK", "context":{"environment":"Prod_SoutheastAsia_000j", "migrationStage":"NotStarted", "server":"general01000011"}}
{"logTime": "0713/140124", "correlationVector":"zOXSEqSQHTRSRVnWNakhUm.2","action":"GetUpdates Response", "result":"SYNCER_OK", "context":Received 0 update(s). cV=zOXSEqSQHTRSRVnWNakhUm.0;server=general01000011;cloudType=Consumer;environment=Prod_SoutheastAsia_000j;migrationStage=NotStarted}
{"logTime": "0713/140149", "correlationVector":"kLMfv6E7L4o3Y6hf9FVoNs","action":"Normal GetUpdate request", "result":"", "context":cV=kLMfv6E7L4o3Y6hf9FVoNs
Nudged types: Sessions}
{"logTime": "0713/140149", "correlationVector":"kLMfv6E7L4o3Y6hf9FVoNs.1","action":"SyncServerConnectionManagerRequest", "result":"SYNC_SERVER_OK", "context":{"environment":"Prod_SoutheastAsia_000j", "migrationStage":"NotStarted", "server":"GENERAL01000006"}}
{"logTime": "0713/140149", "correlationVector":"kLMfv6E7L4o3Y6hf9FVoNs.2","action":"GetUpdates Response", "result":"SYNCER_OK", "context":Received 0 update(s). cV=kLMfv6E7L4o3Y6hf9FVoNs.0;server=GENERAL01000006;cloudType=Consumer;environment=Prod_SoutheastAsia_000j;migrationStage=NotStarted}
{"logTime": "0713/140149", "correlationVector":"r/iVdUdFqi53okwXDCOpp5","action":"Commit Request", "result":"", "context":Item count: 1
Contributing types: Sessions}
{"logTime": "0713/140149", "correlationVector":"r/iVdUdFqi53okwXDCOpp5.1","action":"SyncServerConnectionManagerRequest", "result":"SYNC_SERVER_OK", "context":{"environment":"Prod_SoutheastAsia_000j", "migrationStage":"NotStarted", "server":"GENERAL01000008"}}
{"logTime": "0713/140149", "correlationVector":"r/iVdUdFqi53okwXDCOpp5.2","action":"Commit Response", "result":"SYNCER_OK", "context":Result: SYNCER_OK. cV=r/iVdUdFqi53okwXDCOpp5.0;server=GENERAL01000008;cloudType=Consumer;environment=Prod_SoutheastAsia_000j;migrationStage=NotStarted}
{"logTime": "0713/140446", "correlationVector":"ZYjmTDTyTLVP+ctUxbx9+v.0","action":"FeedSettingFetch_homeCloud", "result":"0", "context":{}}
{"logTime": "0713/140446", "correlationVector":"qnAFLk+9PPON82976CFm/E.1","action":"SyncServerConnectionManagerRequest", "result":"SYNC_SERVER_OK", "context":{"environment":"Prod_SoutheastAsia_000j", "migrationStage":"NotStarted", "server":"GENERAL01000017"}}
{"logTime": "0713/140446", "correlationVector":"qnAFLk+9PPON82976CFm/E","action":"Initial GetUpdates", "result":"", "context":Reason: NEW_CLIENT. cV=qnAFLk+9PPON82976CFm/E}
{"logTime": "0713/140446", "correlationVector":"qnAFLk+9PPON82976CFm/E.2","action":"GetUpdates Response", "result":"SYNCER_OK", "context":Received 1 update(s). cV=qnAFLk+9PPON82976CFm/E.0;server=GENERAL01000017;cloudType=Consumer;environment=Prod_SoutheastAsia_000j;migrationStage=NotStarted}
{"logTime": "0713/140446", "correlationVector":"YTNpUwSszUnl7UyCm01u5W","action":"Normal GetUpdate request", "result":"", "context":cV=YTNpUwSszUnl7UyCm01u5W
Nudged types: Sessions, User Consents
Refresh requested types: Bookmarks, Preferences, Autofill Custom Data, Typed URLs, Extensions, Sessions, Extension settings, History Delete Directives, Device Info, User Consents, Send Tab To Self, Web Apps, Collection, Edge E Drop, Encryption Keys}
{"logTime": "0713/140446", "correlationVector":"YTNpUwSszUnl7UyCm01u5W.1","action":"SyncServerConnectionManagerRequest", "result":"SYNC_SERVER_OK", "context":{"environment":"Prod_SoutheastAsia_000j", "migrationStage":"NotStarted", "server":"GENERAL0100000U"}}
{"logTime": "0713/140446", "correlationVector":"YTNpUwSszUnl7UyCm01u5W.2","action":"GetUpdates", "result":"DeleteReceived", "context":{"id":"0c890f16-eb88-40c4-a1bf-0302e66f0d91", "isDeleted:":"true", "version":"1689256971608"}}
{"logTime": "0713/140446", "correlationVector":"YTNpUwSszUnl7UyCm01u5W.3","action":"GetUpdates Response", "result":"SYNCER_OK", "context":Received 3 update(s). cV=YTNpUwSszUnl7UyCm01u5W.0;server=GENERAL0100000U;cloudType=Consumer;environment=Prod_SoutheastAsia_000j;migrationStage=NotStarted}
{"logTime": "0713/140446", "correlationVector":"oc2pLkPHwcuXsBoH3Y75lr","action":"Commit Request", "result":"", "context":Item count: 1
Contributing types: User Consents}
{"logTime": "0713/140446", "correlationVector":"oc2pLkPHwcuXsBoH3Y75lr.1","action":"SyncServerConnectionManagerRequest", "result":"SYNC_SERVER_OK", "context":{"environment":"Prod_SoutheastAsia_000j", "migrationStage":"NotStarted", "server":"general0100001G"}}
{"logTime": "0713/140446", "correlationVector":"oc2pLkPHwcuXsBoH3Y75lr.2","action":"Commit Response", "result":"SYNCER_OK", "context":Result: SYNCER_OK. cV=oc2pLkPHwcuXsBoH3Y75lr.0;server=general0100001G;cloudType=Consumer;environment=Prod_SoutheastAsia_000j;migrationStage=NotStarted}
{"logTime": "0713/140446", "correlationVector":"vpTRAiioSG8GPlYuaTQtrF","action":"SyncServerConnectionManagerRequest", "result":"SYNC_SERVER_OK", "context":{"environment":"", "migrationStage":"", "server":""}}
{"logTime": "0713/140446", "correlationVector":"b4H+P8oGu9KDJSgx9tz/u5","action":"Normal GetUpdate request", "result":"", "context":cV=b4H+P8oGu9KDJSgx9tz/u5
Refresh requested types: Encryption Keys}
{"logTime": "0713/140446", "correlationVector":"b4H+P8oGu9KDJSgx9tz/u5.1","action":"SyncServerConnectionManagerRequest", "result":"SYNC_SERVER_OK", "context":{"environment":"Prod_SoutheastAsia_000j", "migrationStage":"NotStarted", "server":"GENERAL0100000A"}}
{"logTime": "0713/140446", "correlationVector":"b4H+P8oGu9KDJSgx9tz/u5.2","action":"GetUpdates Response", "result":"SYNCER_OK", "context":Received 0 update(s). cV=b4H+P8oGu9KDJSgx9tz/u5.0;server=GENERAL0100000A;cloudType=Consumer;environment=Prod_SoutheastAsia_000j;migrationStage=NotStarted}
{"logTime": "0713/140446", "correlationVector":"v/rYPdVuaDGVSyjH7LFy/S","action":"Initial GetUpdates", "result":"", "context":Reason: NEWLY_SUPPORTED_DATATYPE. cV=v/rYPdVuaDGVSyjH7LFy/S}
{"logTime": "0713/140446", "correlationVector":"v/rYPdVuaDGVSyjH7LFy/S.1","action":"SyncServerConnectionManagerRequest", "result":"SYNC_SERVER_OK", "context":{"environment":"Prod_SoutheastAsia_000j", "migrationStage":"NotStarted", "server":"general01000013"}}
{"logTime": "0713/140446", "correlationVector":"v/rYPdVuaDGVSyjH7LFy/S.2","action":"GetUpdates Response", "result":"SYNCER_OK", "context":Received 18 update(s). cV=v/rYPdVuaDGVSyjH7LFy/S.0;server=general01000013;cloudType=Consumer;environment=Prod_SoutheastAsia_000j;migrationStage=NotStarted}
{"logTime": "0713/140446", "correlationVector":"8o/z5lkuQ/9UCx+2zakdos","action":"Normal GetUpdate request", "result":"", "context":cV=8o/z5lkuQ/9UCx+2zakdos
Refresh requested types: Bookmarks, Preferences, Passwords, Autofill Profiles, Autofill, Autofill Custom Data, Typed URLs, Extensions, Sessions, Extension settings, History Delete Directives, Device Info, User Consents, Send Tab To Self, Web Apps, Collection, Edge E Drop, Encryption Keys}
{"logTime": "0713/140446", "correlationVector":"8o/z5lkuQ/9UCx+2zakdos.1","action":"SyncServerConnectionManagerRequest", "result":"SYNC_SERVER_OK", "context":{"environment":"Prod_SoutheastAsia_000j", "migrationStage":"NotStarted", "server":"GENERAL0100001B"}}
{"logTime": "0713/140446", "correlationVector":"8o/z5lkuQ/9UCx+2zakdos.2","action":"GetUpdates Response", "result":"SYNCER_OK", "context":Received 0 update(s). cV=8o/z5lkuQ/9UCx+2zakdos.0;server=GENERAL0100001B;cloudType=Consumer;environment=Prod_SoutheastAsia_000j;migrationStage=NotStarted}
{"logTime": "0713/140515", "correlationVector":"ONg7Ca59fQUQ2DuU+ClWvz","action":"Normal GetUpdate request", "result":"", "context":cV=ONg7Ca59fQUQ2DuU+ClWvz
Nudged types: Sessions}
{"logTime": "0713/140515", "correlationVector":"ONg7Ca59fQUQ2DuU+ClWvz.1","action":"SyncServerConnectionManagerRequest", "result":"SYNC_SERVER_OK", "context":{"environment":"Prod_SoutheastAsia_000j", "migrationStage":"NotStarted", "server":"GENERAL01000017"}}
{"logTime": "0713/140516", "correlationVector":"ONg7Ca59fQUQ2DuU+ClWvz.2","action":"GetUpdates Response", "result":"SYNCER_OK", "context":Received 0 update(s). cV=ONg7Ca59fQUQ2DuU+ClWvz.0;server=GENERAL01000017;cloudType=Consumer;environment=Prod_SoutheastAsia_000j;migrationStage=NotStarted}
{"logTime": "0713/140516", "correlationVector":"4y5eYIQ8upNIG2rjGLUljO","action":"Commit Request", "result":"", "context":Item count: 2
Contributing types: Sessions}
{"logTime": "0713/140516", "correlationVector":"4y5eYIQ8upNIG2rjGLUljO.1","action":"SyncServerConnectionManagerRequest", "result":"SYNC_SERVER_OK", "context":{"environment":"Prod_SoutheastAsia_000j", "migrationStage":"NotStarted", "server":"general01000011"}}
{"logTime": "0713/140516", "correlationVector":"4y5eYIQ8upNIG2rjGLUljO.2","action":"Commit Response", "result":"SYNCER_OK", "context":Result: SYNCER_OK. cV=4y5eYIQ8upNIG2rjGLUljO.0;server=general01000011;cloudType=Consumer;environment=Prod_SoutheastAsia_000j;migrationStage=NotStarted}
{"logTime": "0713/140740", "correlationVector":"hktYoYDqhpFqoLNQa13N7M.0","action":"FeedSettingFetch_homeCloud", "result":"0", "context":{}}
{"logTime": "0713/140740", "correlationVector":"KuC6ggYxtHtltyLOgHhoSZ.1","action":"SyncServerConnectionManagerRequest", "result":"SYNC_SERVER_OK", "context":{"environment":"Prod_SoutheastAsia_000j", "migrationStage":"NotStarted", "server":"general0100001A"}}
{"logTime": "0713/140740", "correlationVector":"KuC6ggYxtHtltyLOgHhoSZ","action":"Initial GetUpdates", "result":"", "context":Reason: NEW_CLIENT. cV=KuC6ggYxtHtltyLOgHhoSZ}
{"logTime": "0713/140740", "correlationVector":"KuC6ggYxtHtltyLOgHhoSZ.2","action":"GetUpdates Response", "result":"SYNCER_OK", "context":Received 1 update(s). cV=KuC6ggYxtHtltyLOgHhoSZ.0;server=general0100001A;cloudType=Consumer;environment=Prod_SoutheastAsia_000j;migrationStage=NotStarted}
{"logTime": "0713/140740", "correlationVector":"A2GzE3EySFRBHrMOYZvz1q","action":"Normal GetUpdate request", "result":"", "context":cV=A2GzE3EySFRBHrMOYZvz1q
Nudged types: Sessions, User Consents
Refresh requested types: Bookmarks, Preferences, Autofill Custom Data, Typed URLs, Extensions, Sessions, Extension settings, History Delete Directives, Device Info, User Consents, Send Tab To Self, Web Apps, Collection, Edge E Drop, Encryption Keys}
{"logTime": "0713/140740", "correlationVector":"A2GzE3EySFRBHrMOYZvz1q.1","action":"SyncServerConnectionManagerRequest", "result":"SYNC_SERVER_OK", "context":{"environment":"Prod_SoutheastAsia_000j", "migrationStage":"NotStarted", "server":"GENERAL0100000U"}}
{"logTime": "0713/140740", "correlationVector":"A2GzE3EySFRBHrMOYZvz1q.2","action":"GetUpdates Response", "result":"SYNCER_OK", "context":Received 3 update(s). cV=A2GzE3EySFRBHrMOYZvz1q.0;server=GENERAL0100000U;cloudType=Consumer;environment=Prod_SoutheastAsia_000j;migrationStage=NotStarted}
{"logTime": "0713/140740", "correlationVector":"KXRVh7OdDcMgFvb4OotRRO","action":"Commit Request", "result":"", "context":Item count: 4
Contributing types: Sessions, User Consents}
{"logTime": "0713/140740", "correlationVector":"KXRVh7OdDcMgFvb4OotRRO.1","action":"SyncServerConnectionManagerRequest", "result":"SYNC_SERVER_OK", "context":{"environment":"Prod_SoutheastAsia_000j", "migrationStage":"NotStarted", "server":"GENERAL0100001L"}}
{"logTime": "0713/140740", "correlationVector":"KXRVh7OdDcMgFvb4OotRRO.2","action":"Commit Response", "result":"SYNCER_OK", "context":Result: SYNCER_OK. cV=KXRVh7OdDcMgFvb4OotRRO.0;server=GENERAL0100001L;cloudType=Consumer;environment=Prod_SoutheastAsia_000j;migrationStage=NotStarted}
{"logTime": "0713/140740", "correlationVector":"KXRVh7OdDcMgFvb4OotRRO.3","action":"Commit.Sessions", "result":"Success", "context":{"id":"8331aace-4d79-4b25-8130-6134cfb1327f", "isDeleted":"true", "size":"0", "version":"1689257116472"}}
{"logTime": "0713/140740", "correlationVector":"a4G5FKIJwdhMpgSl3V1LUY","action":"SyncServerConnectionManagerRequest", "result":"SYNC_SERVER_OK", "context":{"environment":"", "migrationStage":"", "server":""}}
{"logTime": "0713/140740", "correlationVector":"yGhKvxXa22z43+6crRoODC","action":"Normal GetUpdate request", "result":"", "context":cV=yGhKvxXa22z43+6crRoODC
Nudged types: Sessions
Refresh requested types: Encryption Keys}
{"logTime": "0713/140740", "correlationVector":"yGhKvxXa22z43+6crRoODC.1","action":"SyncServerConnectionManagerRequest", "result":"SYNC_SERVER_OK", "context":{"environment":"Prod_SoutheastAsia_000j", "migrationStage":"NotStarted", "server":"GENERAL0100000S"}}
{"logTime": "0713/140740", "correlationVector":"yGhKvxXa22z43+6crRoODC.2","action":"GetUpdates", "result":"DeleteReceived", "context":{"id":"8331aace-4d79-4b25-8130-6134cfb1327f", "isDeleted:":"true", "version":"1689257248649"}}
{"logTime": "0713/140740", "correlationVector":"yGhKvxXa22z43+6crRoODC.3","action":"GetUpdates Response", "result":"SYNCER_OK", "context":Received 3 update(s). cV=yGhKvxXa22z43+6crRoODC.0;server=GENERAL0100000S;cloudType=Consumer;environment=Prod_SoutheastAsia_000j;migrationStage=NotStarted}
{"logTime": "0713/140740", "correlationVector":"5na8h+s4v8/W7aezhdd/4/","action":"Initial GetUpdates", "result":"", "context":Reason: NEWLY_SUPPORTED_DATATYPE. cV=5na8h+s4v8/W7aezhdd/4/}
{"logTime": "0713/140740", "correlationVector":"5na8h+s4v8/W7aezhdd/4/.1","action":"SyncServerConnectionManagerRequest", "result":"SYNC_SERVER_OK", "context":{"environment":"Prod_SoutheastAsia_000j", "migrationStage":"NotStarted", "server":"GENERAL0100000W"}}
{"logTime": "0713/140740", "correlationVector":"5na8h+s4v8/W7aezhdd/4/.2","action":"GetUpdates Response", "result":"SYNCER_OK", "context":Received 18 update(s). cV=5na8h+s4v8/W7aezhdd/4/.0;server=GENERAL0100000W;cloudType=Consumer;environment=Prod_SoutheastAsia_000j;migrationStage=NotStarted}
{"logTime": "0713/140740", "correlationVector":"8jBRdJOFG7PQEa5cXdRmvi","action":"Normal GetUpdate request", "result":"", "context":cV=8jBRdJOFG7PQEa5cXdRmvi
Refresh requested types: Bookmarks, Preferences, Passwords, Autofill Profiles, Autofill, Autofill Custom Data, Typed URLs, Extensions, Sessions, Extension settings, History Delete Directives, Device Info, User Consents, Send Tab To Self, Web Apps, Collection, Edge E Drop, Encryption Keys}
{"logTime": "0713/140740", "correlationVector":"8jBRdJOFG7PQEa5cXdRmvi.1","action":"SyncServerConnectionManagerRequest", "result":"SYNC_SERVER_OK", "context":{"environment":"Prod_SoutheastAsia_000j", "migrationStage":"NotStarted", "server":"GENERAL01000003"}}
{"logTime": "0713/140740", "correlationVector":"8jBRdJOFG7PQEa5cXdRmvi.2","action":"GetUpdates Response", "result":"SYNCER_OK", "context":Received 0 update(s). cV=8jBRdJOFG7PQEa5cXdRmvi.0;server=GENERAL01000003;cloudType=Consumer;environment=Prod_SoutheastAsia_000j;migrationStage=NotStarted}
{"logTime": "0713/140800", "correlationVector":"OSxuPb3+kblG685Y/xrV1G","action":"Normal GetUpdate request", "result":"", "context":cV=OSxuPb3+kblG685Y/xrV1G
Nudged types: Sessions}
{"logTime": "0713/140800", "correlationVector":"OSxuPb3+kblG685Y/xrV1G.1","action":"SyncServerConnectionManagerRequest", "result":"SYNC_SERVER_OK", "context":{"environment":"Prod_SoutheastAsia_000j", "migrationStage":"NotStarted", "server":"general01000011"}}
{"logTime": "0713/140800", "correlationVector":"OSxuPb3+kblG685Y/xrV1G.2","action":"GetUpdates Response", "result":"SYNCER_OK", "context":Received 0 update(s). cV=OSxuPb3+kblG685Y/xrV1G.0;server=general01000011;cloudType=Consumer;environment=Prod_SoutheastAsia_000j;migrationStage=NotStarted}
{"logTime": "0713/140800", "correlationVector":"joxPCYDOs+pvNhKHvUG1E2","action":"Commit Request", "result":"", "context":Item count: 1
Contributing types: Sessions}
{"logTime": "0713/140801", "correlationVector":"joxPCYDOs+pvNhKHvUG1E2.1","action":"SyncServerConnectionManagerRequest", "result":"SYNC_SERVER_OK", "context":{"environment":"Prod_SoutheastAsia_000j", "migrationStage":"NotStarted", "server":"GENERAL0100001K"}}
{"logTime": "0713/140801", "correlationVector":"joxPCYDOs+pvNhKHvUG1E2.2","action":"Commit Response", "result":"SYNCER_OK", "context":Result: SYNCER_OK. cV=joxPCYDOs+pvNhKHvUG1E2.0;server=GENERAL0100001K;cloudType=Consumer;environment=Prod_SoutheastAsia_000j;migrationStage=NotStarted}
{"logTime": "0713/141107", "correlationVector":"Go76CvBlJSzwrg5uZe8axs.0","action":"FeedSettingFetch_homeCloud", "result":"0", "context":{}}
{"logTime": "0713/141107", "correlationVector":"Go76CvBlJSzwrg5uZe8axs.0","action":"SyncServerConnectionManagerRequest", "result":"SYNC_SERVER_OK", "context":{"environment":"", "migrationStage":"", "server":""}}
{"logTime": "0713/141107", "correlationVector":"GELkpDo4KyHw+vXaIpGBO7.1","action":"SyncServerConnectionManagerRequest", "result":"SYNC_SERVER_OK", "context":{"environment":"Prod_SoutheastAsia_000j", "migrationStage":"NotStarted", "server":"GENERAL0100000T"}}
{"logTime": "0713/141107", "correlationVector":"GELkpDo4KyHw+vXaIpGBO7","action":"Initial GetUpdates", "result":"", "context":Reason: NEW_CLIENT. cV=GELkpDo4KyHw+vXaIpGBO7}
{"logTime": "0713/141107", "correlationVector":"GELkpDo4KyHw+vXaIpGBO7.2","action":"GetUpdates Response", "result":"SYNCER_OK", "context":Received 1 update(s). cV=GELkpDo4KyHw+vXaIpGBO7.0;server=GENERAL0100000T;cloudType=Consumer;environment=Prod_SoutheastAsia_000j;migrationStage=NotStarted}
{"logTime": "0713/141107", "correlationVector":"MRpAa2+d56AirYlckphUTg","action":"Initial GetUpdates", "result":"", "context":Reason: NEWLY_SUPPORTED_DATATYPE. cV=MRpAa2+d56AirYlckphUTg}
{"logTime": "0713/141107", "correlationVector":"MRpAa2+d56AirYlckphUTg.1","action":"SyncServerConnectionManagerRequest", "result":"SYNC_SERVER_OK", "context":{"environment":"Prod_SoutheastAsia_000j", "migrationStage":"NotStarted", "server":"general0100001G"}}
{"logTime": "0713/141107", "correlationVector":"MRpAa2+d56AirYlckphUTg.2","action":"GetUpdates Response", "result":"SYNCER_OK", "context":Received 18 update(s). cV=MRpAa2+d56AirYlckphUTg.0;server=general0100001G;cloudType=Consumer;environment=Prod_SoutheastAsia_000j;migrationStage=NotStarted}
{"logTime": "0713/141107", "correlationVector":"iaH+T1YjJU12p7Ey6Q2ypw","action":"Normal GetUpdate request", "result":"", "context":cV=iaH+T1YjJU12p7Ey6Q2ypw
Nudged types: Sessions, User Consents
Refresh requested types: Bookmarks, Preferences, Passwords, Autofill Profiles, Autofill, Autofill Custom Data, Typed URLs, Extensions, Sessions, Extension settings, History Delete Directives, Device Info, User Consents, Send Tab To Self, Web Apps, Collection, Edge E Drop, Encryption Keys}
{"logTime": "0713/141107", "correlationVector":"iaH+T1YjJU12p7Ey6Q2ypw.1","action":"SyncServerConnectionManagerRequest", "result":"SYNC_SERVER_OK", "context":{"environment":"Prod_SoutheastAsia_000j", "migrationStage":"NotStarted", "server":"GENERAL01000000"}}
{"logTime": "0713/141107", "correlationVector":"iaH+T1YjJU12p7Ey6Q2ypw.2","action":"GetUpdates Response", "result":"SYNCER_OK", "context":Received 1 update(s). cV=iaH+T1YjJU12p7Ey6Q2ypw.0;server=GENERAL01000000;cloudType=Consumer;environment=Prod_SoutheastAsia_000j;migrationStage=NotStarted}
{"logTime": "0713/141107", "correlationVector":"MVZu8FhL+tQdFDLu81iW+k","action":"Commit Request", "result":"", "context":Item count: 4
Contributing types: Sessions, User Consents}
{"logTime": "0713/141107", "correlationVector":"MVZu8FhL+tQdFDLu81iW+k.1","action":"SyncServerConnectionManagerRequest", "result":"SYNC_SERVER_OK", "context":{"environment":"Prod_SoutheastAsia_000j", "migrationStage":"NotStarted", "server":"GENERAL01000010"}}
{"logTime": "0713/141107", "correlationVector":"MVZu8FhL+tQdFDLu81iW+k.2","action":"Commit Response", "result":"SYNCER_OK", "context":Result: SYNCER_OK. cV=MVZu8FhL+tQdFDLu81iW+k.0;server=GENERAL01000010;cloudType=Consumer;environment=Prod_SoutheastAsia_000j;migrationStage=NotStarted}
{"logTime": "0713/141107", "correlationVector":"MVZu8FhL+tQdFDLu81iW+k.3","action":"Commit.Sessions", "result":"Success", "context":{"id":"dad2ef55-d7c7-49dd-bf8e-15b8c8d4a22b", "isDeleted":"true", "size":"0", "version":"1689257281293"}}
{"logTime": "0713/141111", "correlationVector":"rwycgGJhMCFCPD6uuUxZL/","action":"Normal GetUpdate request", "result":"", "context":cV=rwycgGJhMCFCPD6uuUxZL/
Nudged types: Sessions}
{"logTime": "0713/141111", "correlationVector":"rwycgGJhMCFCPD6uuUxZL/.1","action":"SyncServerConnectionManagerRequest", "result":"SYNC_SERVER_OK", "context":{"environment":"Prod_SoutheastAsia_000j", "migrationStage":"NotStarted", "server":"GENERAL0100000Y"}}
{"logTime": "0713/141112", "correlationVector":"rwycgGJhMCFCPD6uuUxZL/.2","action":"GetUpdates", "result":"DeleteReceived", "context":{"id":"dad2ef55-d7c7-49dd-bf8e-15b8c8d4a22b", "isDeleted:":"true", "version":"1689257441608"}}
{"logTime": "0713/141112", "correlationVector":"rwycgGJhMCFCPD6uuUxZL/.3","action":"GetUpdates Response", "result":"SYNCER_OK", "context":Received 3 update(s). cV=rwycgGJhMCFCPD6uuUxZL/.0;server=GENERAL0100000Y;cloudType=Consumer;environment=Prod_SoutheastAsia_000j;migrationStage=NotStarted}
{"logTime": "0713/141112", "correlationVector":"BqluQ5a+ZjTnmdYTHZiOsA","action":"Commit Request", "result":"", "context":Item count: 1
Contributing types: Sessions}
{"logTime": "0713/141112", "correlationVector":"BqluQ5a+ZjTnmdYTHZiOsA.1","action":"SyncServerConnectionManagerRequest", "result":"SYNC_SERVER_OK", "context":{"environment":"Prod_SoutheastAsia_000j", "migrationStage":"NotStarted", "server":"GENERAL0100000O"}}
{"logTime": "0713/141112", "correlationVector":"BqluQ5a+ZjTnmdYTHZiOsA.2","action":"Commit Response", "result":"SYNCER_OK", "context":Result: SYNCER_OK. cV=BqluQ5a+ZjTnmdYTHZiOsA.0;server=GENERAL0100000O;cloudType=Consumer;environment=Prod_SoutheastAsia_000j;migrationStage=NotStarted}
{"logTime": "0713/141755", "correlationVector":"vWHtbmSETyjmi65Q5+Hpmf.0","action":"FeedSettingFetch_homeCloud", "result":"0", "context":{}}
{"logTime": "0713/141755", "correlationVector":"YYV4LSp+KZS0A7QHh2UNiY.1","action":"SyncServerConnectionManagerRequest", "result":"SYNC_SERVER_OK", "context":{"environment":"Prod_SoutheastAsia_000j", "migrationStage":"NotStarted", "server":"GENERAL01000006"}}
{"logTime": "0713/141755", "correlationVector":"YYV4LSp+KZS0A7QHh2UNiY","action":"Initial GetUpdates", "result":"", "context":Reason: NEW_CLIENT. cV=YYV4LSp+KZS0A7QHh2UNiY}
{"logTime": "0713/141755", "correlationVector":"YYV4LSp+KZS0A7QHh2UNiY.2","action":"GetUpdates Response", "result":"SYNCER_OK", "context":Received 1 update(s). cV=YYV4LSp+KZS0A7QHh2UNiY.0;server=GENERAL01000006;cloudType=Consumer;environment=Prod_SoutheastAsia_000j;migrationStage=NotStarted}
{"logTime": "0713/141755", "correlationVector":"sfKYIKOHFEpb6OabL3k0gR","action":"Normal GetUpdate request", "result":"", "context":cV=sfKYIKOHFEpb6OabL3k0gR
Nudged types: Sessions, User Consents
Refresh requested types: Bookmarks, Preferences, Autofill Custom Data, Typed URLs, Extensions, Sessions, Extension settings, History Delete Directives, Device Info, User Consents, Send Tab To Self, Web Apps, Collection, Edge E Drop, Encryption Keys}
{"logTime": "0713/141755", "correlationVector":"sfKYIKOHFEpb6OabL3k0gR.1","action":"SyncServerConnectionManagerRequest", "result":"SYNC_SERVER_OK", "context":{"environment":"Prod_SoutheastAsia_000j", "migrationStage":"NotStarted", "server":"general0100001A"}}
{"logTime": "0713/141755", "correlationVector":"sfKYIKOHFEpb6OabL3k0gR.2","action":"GetUpdates Response", "result":"SYNCER_OK", "context":Received 1 update(s). cV=sfKYIKOHFEpb6OabL3k0gR.0;server=general0100001A;cloudType=Consumer;environment=Prod_SoutheastAsia_000j;migrationStage=NotStarted}
{"logTime": "0713/141755", "correlationVector":"rOUFgcwo7eXQhKVLHLntP7","action":"Commit Request", "result":"", "context":Item count: 4
Contributing types: Sessions, User Consents}
{"logTime": "0713/141755", "correlationVector":"rOUFgcwo7eXQhKVLHLntP7.1","action":"SyncServerConnectionManagerRequest", "result":"SYNC_SERVER_OK", "context":{"environment":"Prod_SoutheastAsia_000j", "migrationStage":"NotStarted", "server":"GENERAL01000010"}}
{"logTime": "0713/141755", "correlationVector":"rOUFgcwo7eXQhKVLHLntP7.2","action":"Commit Response", "result":"SYNCER_OK", "context":Result: SYNCER_OK. cV=rOUFgcwo7eXQhKVLHLntP7.0;server=GENERAL01000010;cloudType=Consumer;environment=Prod_SoutheastAsia_000j;migrationStage=NotStarted}
{"logTime": "0713/141755", "correlationVector":"rOUFgcwo7eXQhKVLHLntP7.3","action":"Commit.Sessions", "result":"Success", "context":{"id":"f3b9399c-9c68-473a-a698-c2d8e69d2779", "isDeleted":"true", "size":"0", "version":"1689257472522"}}
{"logTime": "0713/141755", "correlationVector":"NLHDbCSChiSyfl12pheGHR","action":"SyncServerConnectionManagerRequest", "result":"SYNC_SERVER_OK", "context":{"environment":"", "migrationStage":"", "server":""}}
{"logTime": "0713/141755", "correlationVector":"i/quytAv9slzzhoOjuFzHg","action":"Normal GetUpdate request", "result":"", "context":cV=i/quytAv9slzzhoOjuFzHg
Nudged types: Sessions
Refresh requested types: Encryption Keys}
{"logTime": "0713/141755", "correlationVector":"i/quytAv9slzzhoOjuFzHg.1","action":"SyncServerConnectionManagerRequest", "result":"SYNC_SERVER_OK", "context":{"environment":"Prod_SoutheastAsia_000j", "migrationStage":"NotStarted", "server":"GENERAL01000000"}}
{"logTime": "0713/141755", "correlationVector":"i/quytAv9slzzhoOjuFzHg.2","action":"GetUpdates", "result":"DeleteReceived", "context":{"id":"f3b9399c-9c68-473a-a698-c2d8e69d2779", "isDeleted:":"true", "version":"1689257864531"}}
{"logTime": "0713/141755", "correlationVector":"i/quytAv9slzzhoOjuFzHg.3","action":"GetUpdates Response", "result":"SYNCER_OK", "context":Received 3 update(s). cV=i/quytAv9slzzhoOjuFzHg.0;server=GENERAL01000000;cloudType=Consumer;environment=Prod_SoutheastAsia_000j;migrationStage=NotStarted}
{"logTime": "0713/141755", "correlationVector":"4bP1KdkDq0DqLsuSwkrl4c","action":"Initial GetUpdates", "result":"", "context":Reason: NEWLY_SUPPORTED_DATATYPE. cV=4bP1KdkDq0DqLsuSwkrl4c}
{"logTime": "0713/141755", "correlationVector":"4bP1KdkDq0DqLsuSwkrl4c.1","action":"SyncServerConnectionManagerRequest", "result":"SYNC_SERVER_OK", "context":{"environment":"Prod_SoutheastAsia_000j", "migrationStage":"NotStarted", "server":"GENERAL01000004"}}
{"logTime": "0713/141755", "correlationVector":"4bP1KdkDq0DqLsuSwkrl4c.2","action":"GetUpdates Response", "result":"SYNCER_OK", "context":Received 18 update(s). cV=4bP1KdkDq0DqLsuSwkrl4c.0;server=GENERAL01000004;cloudType=Consumer;environment=Prod_SoutheastAsia_000j;migrationStage=NotStarted}
{"logTime": "0713/141755", "correlationVector":"Z8Wle1Zm+yBiP3dibwAY/V","action":"Normal GetUpdate request", "result":"", "context":cV=Z8Wle1Zm+yBiP3dibwAY/V
Refresh requested types: Bookmarks, Preferences, Passwords, Autofill Profiles, Autofill, Autofill Custom Data, Typed URLs, Extensions, Sessions, Extension settings, History Delete Directives, Device Info, User Consents, Send Tab To Self, Web Apps, Collection, Edge E Drop, Encryption Keys}
{"logTime": "0713/141755", "correlationVector":"Z8Wle1Zm+yBiP3dibwAY/V.1","action":"SyncServerConnectionManagerRequest", "result":"SYNC_SERVER_OK", "context":{"environment":"Prod_SoutheastAsia_000j", "migrationStage":"NotStarted", "server":"GENERAL0100001K"}}
{"logTime": "0713/141755", "correlationVector":"Z8Wle1Zm+yBiP3dibwAY/V.2","action":"GetUpdates Response", "result":"SYNCER_OK", "context":Received 0 update(s). cV=Z8Wle1Zm+yBiP3dibwAY/V.0;server=GENERAL0100001K;cloudType=Consumer;environment=Prod_SoutheastAsia_000j;migrationStage=NotStarted}
{"logTime": "0713/141815", "correlationVector":"dcDUYDXamfohDcuBNud4i2","action":"Normal GetUpdate request", "result":"", "context":cV=dcDUYDXamfohDcuBNud4i2
Nudged types: Sessions}
{"logTime": "0713/141815", "correlationVector":"dcDUYDXamfohDcuBNud4i2.1","action":"SyncServerConnectionManagerRequest", "result":"SYNC_SERVER_OK", "context":{"environment":"Prod_SoutheastAsia_000j", "migrationStage":"NotStarted", "server":"GENERAL0100000E"}}
{"logTime": "0713/141815", "correlationVector":"dcDUYDXamfohDcuBNud4i2.2","action":"GetUpdates Response", "result":"SYNCER_OK", "context":Received 0 update(s). cV=dcDUYDXamfohDcuBNud4i2.0;server=GENERAL0100000E;cloudType=Consumer;environment=Prod_SoutheastAsia_000j;migrationStage=NotStarted}
{"logTime": "0713/141815", "correlationVector":"cvwe0+mqDC5J0gnwLnrmqy","action":"Commit Request", "result":"", "context":Item count: 1
Contributing types: Sessions}
{"logTime": "0713/141816", "correlationVector":"cvwe0+mqDC5J0gnwLnrmqy.1","action":"SyncServerConnectionManagerRequest", "result":"SYNC_SERVER_OK", "context":{"environment":"Prod_SoutheastAsia_000j", "migrationStage":"NotStarted", "server":"GENERAL01000019"}}
{"logTime": "0713/141816", "correlationVector":"cvwe0+mqDC5J0gnwLnrmqy.2","action":"Commit Response", "result":"SYNCER_OK", "context":Result: SYNCER_OK. cV=cvwe0+mqDC5J0gnwLnrmqy.0;server=GENERAL01000019;cloudType=Consumer;environment=Prod_SoutheastAsia_000j;migrationStage=NotStarted}
{"logTime": "0713/142043", "correlationVector":"ScaFhriHVtcCpqANRRS6Mo.0","action":"FeedSettingFetch_homeCloud", "result":"0", "context":{}}
{"logTime": "0713/142043", "correlationVector":"r2wBYbm5QCBY3ypi17bpgI.1","action":"SyncServerConnectionManagerRequest", "result":"SYNC_SERVER_OK", "context":{"environment":"Prod_SoutheastAsia_000j", "migrationStage":"NotStarted", "server":"GENERAL01000019"}}
{"logTime": "0713/142044", "correlationVector":"r2wBYbm5QCBY3ypi17bpgI","action":"Initial GetUpdates", "result":"", "context":Reason: NEW_CLIENT. cV=r2wBYbm5QCBY3ypi17bpgI}
{"logTime": "0713/142044", "correlationVector":"r2wBYbm5QCBY3ypi17bpgI.2","action":"GetUpdates Response", "result":"SYNCER_OK", "context":Received 1 update(s). cV=r2wBYbm5QCBY3ypi17bpgI.0;server=GENERAL01000019;cloudType=Consumer;environment=Prod_SoutheastAsia_000j;migrationStage=NotStarted}
{"logTime": "0713/142044", "correlationVector":"xV9G0K11xw80qkMbBckquk","action":"Normal GetUpdate request", "result":"", "context":cV=xV9G0K11xw80qkMbBckquk
Nudged types: Sessions, User Consents
Refresh requested types: Bookmarks, Preferences, Autofill Custom Data, Typed URLs, Extensions, Sessions, Extension settings, History Delete Directives, Device Info, User Consents, Send Tab To Self, Web Apps, Collection, Edge E Drop, Encryption Keys}
{"logTime": "0713/142044", "correlationVector":"xV9G0K11xw80qkMbBckquk.1","action":"SyncServerConnectionManagerRequest", "result":"SYNC_SERVER_OK", "context":{"environment":"Prod_SoutheastAsia_000j", "migrationStage":"NotStarted", "server":"general0100000M"}}
{"logTime": "0713/142044", "correlationVector":"xV9G0K11xw80qkMbBckquk.2","action":"GetUpdates Response", "result":"SYNCER_OK", "context":Received 1 update(s). cV=xV9G0K11xw80qkMbBckquk.0;server=general0100000M;cloudType=Consumer;environment=Prod_SoutheastAsia_000j;migrationStage=NotStarted}
{"logTime": "0713/142044", "correlationVector":"fqW1Fg8YtKSYLdST/0XPjM","action":"Commit Request", "result":"", "context":Item count: 4
Contributing types: Sessions, User Consents}
{"logTime": "0713/142044", "correlationVector":"fqW1Fg8YtKSYLdST/0XPjM.1","action":"SyncServerConnectionManagerRequest", "result":"SYNC_SERVER_OK", "context":{"environment":"Prod_SoutheastAsia_000j", "migrationStage":"NotStarted", "server":"GENERAL0100001C"}}
{"logTime": "0713/142044", "correlationVector":"fqW1Fg8YtKSYLdST/0XPjM.3","action":"Commit.Sessions", "result":"Success", "context":{"id":"856d180d-d950-415c-af4d-9e7c9b72448d", "isDeleted":"true", "size":"0", "version":"1689257896437"}}
{"logTime": "0713/142044", "correlationVector":"fqW1Fg8YtKSYLdST/0XPjM.2","action":"Commit Response", "result":"SYNCER_OK", "context":Result: SYNCER_OK. cV=fqW1Fg8YtKSYLdST/0XPjM.0;server=GENERAL0100001C;cloudType=Consumer;environment=Prod_SoutheastAsia_000j;migrationStage=NotStarted}
{"logTime": "0713/142044", "correlationVector":"FKnqVHDgmIG3urry4MFmzM","action":"SyncServerConnectionManagerRequest", "result":"SYNC_SERVER_OK", "context":{"environment":"", "migrationStage":"", "server":""}}
{"logTime": "0713/142044", "correlationVector":"OX/SRQC0C0CAd2kou+91qV","action":"Normal GetUpdate request", "result":"", "context":cV=OX/SRQC0C0CAd2kou+91qV
Nudged types: Sessions
Refresh requested types: Encryption Keys}
{"logTime": "0713/142044", "correlationVector":"OX/SRQC0C0CAd2kou+91qV.1","action":"SyncServerConnectionManagerRequest", "result":"SYNC_SERVER_OK", "context":{"environment":"Prod_SoutheastAsia_000j", "migrationStage":"NotStarted", "server":"GENERAL0100000K"}}
{"logTime": "0713/142044", "correlationVector":"OX/SRQC0C0CAd2kou+91qV.2","action":"GetUpdates", "result":"DeleteReceived", "context":{"id":"856d180d-d950-415c-af4d-9e7c9b72448d", "isDeleted:":"true", "version":"1689258034583"}}
{"logTime": "0713/142044", "correlationVector":"OX/SRQC0C0CAd2kou+91qV.3","action":"GetUpdates Response", "result":"SYNCER_OK", "context":Received 3 update(s). cV=OX/SRQC0C0CAd2kou+91qV.0;server=GENERAL0100000K;cloudType=Consumer;environment=Prod_SoutheastAsia_000j;migrationStage=NotStarted}
{"logTime": "0713/142044", "correlationVector":"0UC/za8OCvi4jYCWP0cKWp","action":"Initial GetUpdates", "result":"", "context":Reason: NEWLY_SUPPORTED_DATATYPE. cV=0UC/za8OCvi4jYCWP0cKWp}
{"logTime": "0713/142044", "correlationVector":"0UC/za8OCvi4jYCWP0cKWp.1","action":"SyncServerConnectionManagerRequest", "result":"SYNC_SERVER_OK", "context":{"environment":"Prod_SoutheastAsia_000j", "migrationStage":"NotStarted", "server":"GENERAL01000010"}}
{"logTime": "0713/142044", "correlationVector":"0UC/za8OCvi4jYCWP0cKWp.2","action":"GetUpdates Response", "result":"SYNCER_OK", "context":Received 18 update(s). cV=0UC/za8OCvi4jYCWP0cKWp.0;server=GENERAL01000010;cloudType=Consumer;environment=Prod_SoutheastAsia_000j;migrationStage=NotStarted}
{"logTime": "0713/142044", "correlationVector":"fh2dpv1shp/bpGE0l2GPFJ","action":"Normal GetUpdate request", "result":"", "context":cV=fh2dpv1shp/bpGE0l2GPFJ
Refresh requested types: Bookmarks, Preferences, Passwords, Autofill Profiles, Autofill, Autofill Custom Data, Typed URLs, Extensions, Sessions, Extension settings, History Delete Directives, Device Info, User Consents, Send Tab To Self, Web Apps, Collection, Edge E Drop, Encryption Keys}
{"logTime": "0713/142044", "correlationVector":"fh2dpv1shp/bpGE0l2GPFJ.1","action":"SyncServerConnectionManagerRequest", "result":"SYNC_SERVER_OK", "context":{"environment":"Prod_SoutheastAsia_000j", "migrationStage":"NotStarted", "server":"GENERAL01000019"}}
{"logTime": "0713/142044", "correlationVector":"fh2dpv1shp/bpGE0l2GPFJ.2","action":"GetUpdates Response", "result":"SYNCER_OK", "context":Received 0 update(s). cV=fh2dpv1shp/bpGE0l2GPFJ.0;server=GENERAL01000019;cloudType=Consumer;environment=Prod_SoutheastAsia_000j;migrationStage=NotStarted}
{"logTime": "0713/142105", "correlationVector":"bqT3eRMRHc1Y+TQUccmgLN","action":"Normal GetUpdate request", "result":"", "context":cV=bqT3eRMRHc1Y+TQUccmgLN
Nudged types: Sessions}
{"logTime": "0713/142105", "correlationVector":"bqT3eRMRHc1Y+TQUccmgLN.1","action":"SyncServerConnectionManagerRequest", "result":"SYNC_SERVER_OK", "context":{"environment":"Prod_SoutheastAsia_000j", "migrationStage":"NotStarted", "server":"GENERAL0100000G"}}
{"logTime": "0713/142105", "correlationVector":"bqT3eRMRHc1Y+TQUccmgLN.2","action":"GetUpdates Response", "result":"SYNCER_OK", "context":Received 0 update(s). cV=bqT3eRMRHc1Y+TQUccmgLN.0;server=GENERAL0100000G;cloudType=Consumer;environment=Prod_SoutheastAsia_000j;migrationStage=NotStarted}
{"logTime": "0713/142105", "correlationVector":"4ssaMU7K6aKYiKbnHn1Nqp","action":"Commit Request", "result":"", "context":Item count: 1
Contributing types: Sessions}
{"logTime": "0713/142106", "correlationVector":"4ssaMU7K6aKYiKbnHn1Nqp.1","action":"SyncServerConnectionManagerRequest", "result":"SYNC_SERVER_OK", "context":{"environment":"Prod_SoutheastAsia_000j", "migrationStage":"NotStarted", "server":"GENERAL01000004"}}
{"logTime": "0713/142106", "correlationVector":"4ssaMU7K6aKYiKbnHn1Nqp.2","action":"Commit Response", "result":"SYNCER_OK", "context":Result: SYNCER_OK. cV=4ssaMU7K6aKYiKbnHn1Nqp.0;server=GENERAL01000004;cloudType=Consumer;environment=Prod_SoutheastAsia_000j;migrationStage=NotStarted}
{"logTime": "0713/142213", "correlationVector":"dWY+Pw8TsDETm+JBM2S9Ms.0","action":"FeedSettingFetch_homeCloud", "result":"0", "context":{}}
{"logTime": "0713/142213", "correlationVector":"1j1DYm2gAqqo/U0OIAJGDB.1","action":"SyncServerConnectionManagerRequest", "result":"SYNC_SERVER_OK", "context":{"environment":"Prod_SoutheastAsia_000j", "migrationStage":"NotStarted", "server":"general0100001A"}}
{"logTime": "0713/142213", "correlationVector":"1j1DYm2gAqqo/U0OIAJGDB","action":"Initial GetUpdates", "result":"", "context":Reason: NEW_CLIENT. cV=1j1DYm2gAqqo/U0OIAJGDB}
{"logTime": "0713/142213", "correlationVector":"1j1DYm2gAqqo/U0OIAJGDB.2","action":"GetUpdates Response", "result":"SYNCER_OK", "context":Received 1 update(s). cV=1j1DYm2gAqqo/U0OIAJGDB.0;server=general0100001A;cloudType=Consumer;environment=Prod_SoutheastAsia_000j;migrationStage=NotStarted}
{"logTime": "0713/142213", "correlationVector":"MfBrVPPnfvaQJXbQGdjKjO","action":"Normal GetUpdate request", "result":"", "context":cV=MfBrVPPnfvaQJXbQGdjKjO
Nudged types: Sessions, User Consents
Refresh requested types: Bookmarks, Preferences, Autofill Custom Data, Typed URLs, Extensions, Sessions, Extension settings, History Delete Directives, Device Info, User Consents, Send Tab To Self, Web Apps, Collection, Edge E Drop, Encryption Keys}
{"logTime": "0713/142213", "correlationVector":"MfBrVPPnfvaQJXbQGdjKjO.1","action":"SyncServerConnectionManagerRequest", "result":"SYNC_SERVER_OK", "context":{"environment":"Prod_SoutheastAsia_000j", "migrationStage":"NotStarted", "server":"GENERAL0100001I"}}
{"logTime": "0713/142213", "correlationVector":"MfBrVPPnfvaQJXbQGdjKjO.2","action":"GetUpdates Response", "result":"SYNCER_OK", "context":Received 1 update(s). cV=MfBrVPPnfvaQJXbQGdjKjO.0;server=GENERAL0100001I;cloudType=Consumer;environment=Prod_SoutheastAsia_000j;migrationStage=NotStarted}
{"logTime": "0713/142213", "correlationVector":"pL8uGS6jJgsySnfCFhY4IV","action":"Commit Request", "result":"", "context":Item count: 4
Contributing types: Sessions, User Consents}
{"logTime": "0713/142213", "correlationVector":"pL8uGS6jJgsySnfCFhY4IV.1","action":"SyncServerConnectionManagerRequest", "result":"SYNC_SERVER_OK", "context":{"environment":"Prod_SoutheastAsia_000j", "migrationStage":"NotStarted", "server":"GENERAL01000003"}}
{"logTime": "0713/142213", "correlationVector":"pL8uGS6jJgsySnfCFhY4IV.2","action":"Commit Response", "result":"SYNCER_OK", "context":Result: SYNCER_OK. cV=pL8uGS6jJgsySnfCFhY4IV.0;server=GENERAL01000003;cloudType=Consumer;environment=Prod_SoutheastAsia_000j;migrationStage=NotStarted}
{"logTime": "0713/142213", "correlationVector":"pL8uGS6jJgsySnfCFhY4IV.3","action":"Commit.Sessions", "result":"Success", "context":{"id":"d2e5b884-34fe-4adb-8043-618f67602467", "isDeleted":"true", "size":"0", "version":"1689258066221"}}
{"logTime": "0713/142213", "correlationVector":"/2wA7a7g6+mkaV+wFWfR1o","action":"SyncServerConnectionManagerRequest", "result":"SYNC_SERVER_OK", "context":{"environment":"", "migrationStage":"", "server":""}}
{"logTime": "0713/142213", "correlationVector":"PpDoU2TcaLkdSka6heGkaS","action":"Normal GetUpdate request", "result":"", "context":cV=PpDoU2TcaLkdSka6heGkaS
Nudged types: Sessions
Refresh requested types: Encryption Keys}
{"logTime": "0713/142213", "correlationVector":"PpDoU2TcaLkdSka6heGkaS.1","action":"SyncServerConnectionManagerRequest", "result":"SYNC_SERVER_OK", "context":{"environment":"Prod_SoutheastAsia_000j", "migrationStage":"NotStarted", "server":"general0100001F"}}
{"logTime": "0713/142213", "correlationVector":"PpDoU2TcaLkdSka6heGkaS.2","action":"GetUpdates", "result":"DeleteReceived", "context":{"id":"d2e5b884-34fe-4adb-8043-618f67602467", "isDeleted:":"true", "version":"1689258122779"}}
{"logTime": "0713/142213", "correlationVector":"PpDoU2TcaLkdSka6heGkaS.3","action":"GetUpdates Response", "result":"SYNCER_OK", "context":Received 3 update(s). cV=PpDoU2TcaLkdSka6heGkaS.0;server=general0100001F;cloudType=Consumer;environment=Prod_SoutheastAsia_000j;migrationStage=NotStarted}
{"logTime": "0713/142213", "correlationVector":"NXl94gT6ZSQpsjUc+l9rt4","action":"Initial GetUpdates", "result":"", "context":Reason: NEWLY_SUPPORTED_DATATYPE. cV=NXl94gT6ZSQpsjUc+l9rt4}
{"logTime": "0713/142213", "correlationVector":"NXl94gT6ZSQpsjUc+l9rt4.1","action":"SyncServerConnectionManagerRequest", "result":"SYNC_SERVER_OK", "context":{"environment":"Prod_SoutheastAsia_000j", "migrationStage":"NotStarted", "server":"GENERAL0100001D"}}
{"logTime": "0713/142213", "correlationVector":"NXl94gT6ZSQpsjUc+l9rt4.2","action":"GetUpdates Response", "result":"SYNCER_OK", "context":Received 18 update(s). cV=NXl94gT6ZSQpsjUc+l9rt4.0;server=GENERAL0100001D;cloudType=Consumer;environment=Prod_SoutheastAsia_000j;migrationStage=NotStarted}
{"logTime": "0713/142213", "correlationVector":"fx2b3O7F63joJW5FbF6xmQ","action":"Normal GetUpdate request", "result":"", "context":cV=fx2b3O7F63joJW5FbF6xmQ
Refresh requested types: Bookmarks, Preferences, Passwords, Autofill Profiles, Autofill, Autofill Custom Data, Typed URLs, Extensions, Sessions, Extension settings, History Delete Directives, Device Info, User Consents, Send Tab To Self, Web Apps, Collection, Edge E Drop, Encryption Keys}
{"logTime": "0713/142213", "correlationVector":"fx2b3O7F63joJW5FbF6xmQ.1","action":"SyncServerConnectionManagerRequest", "result":"SYNC_SERVER_OK", "context":{"environment":"Prod_SoutheastAsia_000j", "migrationStage":"NotStarted", "server":"GENERAL0100001D"}}
{"logTime": "0713/142213", "correlationVector":"fx2b3O7F63joJW5FbF6xmQ.2","action":"GetUpdates Response", "result":"SYNCER_OK", "context":Received 0 update(s). cV=fx2b3O7F63joJW5FbF6xmQ.0;server=GENERAL0100001D;cloudType=Consumer;environment=Prod_SoutheastAsia_000j;migrationStage=NotStarted}
{"logTime": "0713/142233", "correlationVector":"lGJeNgwi59DqlLcjKXg3pQ","action":"Normal GetUpdate request", "result":"", "context":cV=lGJeNgwi59DqlLcjKXg3pQ
Nudged types: Sessions}
{"logTime": "0713/142234", "correlationVector":"lGJeNgwi59DqlLcjKXg3pQ.1","action":"SyncServerConnectionManagerRequest", "result":"SYNC_SERVER_OK", "context":{"environment":"Prod_SoutheastAsia_000j", "migrationStage":"NotStarted", "server":"GENERAL0100000H"}}
{"logTime": "0713/142234", "correlationVector":"lGJeNgwi59DqlLcjKXg3pQ.2","action":"GetUpdates Response", "result":"SYNCER_OK", "context":Received 0 update(s). cV=lGJeNgwi59DqlLcjKXg3pQ.0;server=GENERAL0100000H;cloudType=Consumer;environment=Prod_SoutheastAsia_000j;migrationStage=NotStarted}
{"logTime": "0713/142234", "correlationVector":"DQL9jkuJW/t3KoNNfioO+o","action":"Commit Request", "result":"", "context":Item count: 1
Contributing types: Sessions}
{"logTime": "0713/142234", "correlationVector":"DQL9jkuJW/t3KoNNfioO+o.1","action":"SyncServerConnectionManagerRequest", "result":"SYNC_SERVER_OK", "context":{"environment":"Prod_SoutheastAsia_000j", "migrationStage":"NotStarted", "server":"GENERAL0100000H"}}
{"logTime": "0713/142234", "correlationVector":"DQL9jkuJW/t3KoNNfioO+o.2","action":"Commit Response", "result":"SYNCER_OK", "context":Result: SYNCER_OK. cV=DQL9jkuJW/t3KoNNfioO+o.0;server=GENERAL0100000H;cloudType=Consumer;environment=Prod_SoutheastAsia_000j;migrationStage=NotStarted}
{"logTime": "0713/142535", "correlationVector":"KgGkKyIWc45RWi7Z+FF6d8.0","action":"FeedSettingFetch_homeCloud", "result":"0", "context":{}}
{"logTime": "0713/142535", "correlationVector":"dqKZo/5SWTY/T83jAiUEeR.1","action":"SyncServerConnectionManagerRequest", "result":"SYNC_SERVER_OK", "context":{"environment":"Prod_SoutheastAsia_000j", "migrationStage":"NotStarted", "server":"general0100001G"}}
{"logTime": "0713/142535", "correlationVector":"dqKZo/5SWTY/T83jAiUEeR","action":"Initial GetUpdates", "result":"", "context":Reason: NEW_CLIENT. cV=dqKZo/5SWTY/T83jAiUEeR}
{"logTime": "0713/142535", "correlationVector":"dqKZo/5SWTY/T83jAiUEeR.2","action":"GetUpdates Response", "result":"SYNCER_OK", "context":Received 1 update(s). cV=dqKZo/5SWTY/T83jAiUEeR.0;server=general0100001G;cloudType=Consumer;environment=Prod_SoutheastAsia_000j;migrationStage=NotStarted}
{"logTime": "0713/142535", "correlationVector":"WQVMBiRDFvT2W/7BKgbwEs","action":"Normal GetUpdate request", "result":"", "context":cV=WQVMBiRDFvT2W/7BKgbwEs
Nudged types: Sessions, User Consents
Refresh requested types: Bookmarks, Preferences, Autofill Custom Data, Typed URLs, Extensions, Sessions, Extension settings, History Delete Directives, Device Info, User Consents, Send Tab To Self, Web Apps, Collection, Edge E Drop, Encryption Keys}
{"logTime": "0713/142535", "correlationVector":"WQVMBiRDFvT2W/7BKgbwEs.1","action":"SyncServerConnectionManagerRequest", "result":"SYNC_SERVER_OK", "context":{"environment":"Prod_SoutheastAsia_000j", "migrationStage":"NotStarted", "server":"GENERAL0100000D"}}
{"logTime": "0713/142535", "correlationVector":"WQVMBiRDFvT2W/7BKgbwEs.2","action":"GetUpdates Response", "result":"SYNCER_OK", "context":Received 1 update(s). cV=WQVMBiRDFvT2W/7BKgbwEs.0;server=GENERAL0100000D;cloudType=Consumer;environment=Prod_SoutheastAsia_000j;migrationStage=NotStarted}
{"logTime": "0713/142535", "correlationVector":"39g7a2neM3tiM7u09vqbqe","action":"Commit Request", "result":"", "context":Item count: 4
Contributing types: Sessions, User Consents}
{"logTime": "0713/142535", "correlationVector":"39g7a2neM3tiM7u09vqbqe.1","action":"SyncServerConnectionManagerRequest", "result":"SYNC_SERVER_OK", "context":{"environment":"Prod_SoutheastAsia_000j", "migrationStage":"NotStarted", "server":"GENERAL0100001L"}}
{"logTime": "0713/142535", "correlationVector":"39g7a2neM3tiM7u09vqbqe.3","action":"Commit.Sessions", "result":"Success", "context":{"id":"5ef7ae46-83f2-41ed-bb46-c8c10b7b6682", "isDeleted":"true", "size":"0", "version":"1689258154618"}}
{"logTime": "0713/142535", "correlationVector":"39g7a2neM3tiM7u09vqbqe.2","action":"Commit Response", "result":"SYNCER_OK", "context":Result: SYNCER_OK. cV=39g7a2neM3tiM7u09vqbqe.0;server=GENERAL0100001L;cloudType=Consumer;environment=Prod_SoutheastAsia_000j;migrationStage=NotStarted}
{"logTime": "0713/142535", "correlationVector":"rm4QEacS1BESg4Nkmp5oAK","action":"SyncServerConnectionManagerRequest", "result":"SYNC_SERVER_OK", "context":{"environment":"", "migrationStage":"", "server":""}}
{"logTime": "0713/142535", "correlationVector":"yaIPNHpSP/1CqQp6iI0bRm","action":"Normal GetUpdate request", "result":"", "context":cV=yaIPNHpSP/1CqQp6iI0bRm
Nudged types: Sessions
Refresh requested types: Encryption Keys}
{"logTime": "0713/142535", "correlationVector":"yaIPNHpSP/1CqQp6iI0bRm.1","action":"SyncServerConnectionManagerRequest", "result":"SYNC_SERVER_OK", "context":{"environment":"Prod_SoutheastAsia_000j", "migrationStage":"NotStarted", "server":"GENERAL0100000K"}}
{"logTime": "0713/142535", "correlationVector":"yaIPNHpSP/1CqQp6iI0bRm.2","action":"GetUpdates", "result":"DeleteReceived", "context":{"id":"5ef7ae46-83f2-41ed-bb46-c8c10b7b6682", "isDeleted:":"true", "version":"1689258327189"}}
{"logTime": "0713/142535", "correlationVector":"yaIPNHpSP/1CqQp6iI0bRm.3","action":"GetUpdates Response", "result":"SYNCER_OK", "context":Received 3 update(s). cV=yaIPNHpSP/1CqQp6iI0bRm.0;server=GENERAL0100000K;cloudType=Consumer;environment=Prod_SoutheastAsia_000j;migrationStage=NotStarted}
{"logTime": "0713/142535", "correlationVector":"k1qraVsr5z77PibrTjEVlH","action":"Initial GetUpdates", "result":"", "context":Reason: NEWLY_SUPPORTED_DATATYPE. cV=k1qraVsr5z77PibrTjEVlH}
{"logTime": "0713/142535", "correlationVector":"k1qraVsr5z77PibrTjEVlH.1","action":"SyncServerConnectionManagerRequest", "result":"SYNC_SERVER_OK", "context":{"environment":"Prod_SoutheastAsia_000j", "migrationStage":"NotStarted", "server":"GENERAL0100000X"}}
{"logTime": "0713/142535", "correlationVector":"k1qraVsr5z77PibrTjEVlH.2","action":"GetUpdates Response", "result":"SYNCER_OK", "context":Received 18 update(s). cV=k1qraVsr5z77PibrTjEVlH.0;server=GENERAL0100000X;cloudType=Consumer;environment=Prod_SoutheastAsia_000j;migrationStage=NotStarted}
{"logTime": "0713/142535", "correlationVector":"w16n3n30kZBSqRtiBD5W90","action":"Normal GetUpdate request", "result":"", "context":cV=w16n3n30kZBSqRtiBD5W90
Refresh requested types: Bookmarks, Preferences, Passwords, Autofill Profiles, Autofill, Autofill Custom Data, Typed URLs, Extensions, Sessions, Extension settings, History Delete Directives, Device Info, User Consents, Send Tab To Self, Web Apps, Collection, Edge E Drop, Encryption Keys}
{"logTime": "0713/142535", "correlationVector":"w16n3n30kZBSqRtiBD5W90.1","action":"SyncServerConnectionManagerRequest", "result":"SYNC_SERVER_OK", "context":{"environment":"Prod_SoutheastAsia_000j", "migrationStage":"NotStarted", "server":"GENERAL0100001L"}}
{"logTime": "0713/142535", "correlationVector":"w16n3n30kZBSqRtiBD5W90.2","action":"GetUpdates Response", "result":"SYNCER_OK", "context":Received 0 update(s). cV=w16n3n30kZBSqRtiBD5W90.0;server=GENERAL0100001L;cloudType=Consumer;environment=Prod_SoutheastAsia_000j;migrationStage=NotStarted}
{"logTime": "0713/142558", "correlationVector":"N3ycHnPsPWwIDPPJrsP3Tz","action":"Normal GetUpdate request", "result":"", "context":cV=N3ycHnPsPWwIDPPJrsP3Tz
Nudged types: Sessions}
{"logTime": "0713/142558", "correlationVector":"N3ycHnPsPWwIDPPJrsP3Tz.1","action":"SyncServerConnectionManagerRequest", "result":"SYNC_SERVER_OK", "context":{"environment":"Prod_SoutheastAsia_000j", "migrationStage":"NotStarted", "server":"GENERAL0100000O"}}
{"logTime": "0713/142558", "correlationVector":"N3ycHnPsPWwIDPPJrsP3Tz.2","action":"GetUpdates Response", "result":"SYNCER_OK", "context":Received 0 update(s). cV=N3ycHnPsPWwIDPPJrsP3Tz.0;server=GENERAL0100000O;cloudType=Consumer;environment=Prod_SoutheastAsia_000j;migrationStage=NotStarted}
{"logTime": "0713/142558", "correlationVector":"bi4mY6vWyHR7bhCFOet+Uy","action":"Commit Request", "result":"", "context":Item count: 1
Contributing types: Sessions}
{"logTime": "0713/142559", "correlationVector":"bi4mY6vWyHR7bhCFOet+Uy.1","action":"SyncServerConnectionManagerRequest", "result":"SYNC_SERVER_OK", "context":{"environment":"Prod_SoutheastAsia_000j", "migrationStage":"NotStarted", "server":"GENERAL01000010"}}
{"logTime": "0713/142559", "correlationVector":"bi4mY6vWyHR7bhCFOet+Uy.2","action":"Commit Response", "result":"SYNCER_OK", "context":Result: SYNCER_OK. cV=bi4mY6vWyHR7bhCFOet+Uy.0;server=GENERAL01000010;cloudType=Consumer;environment=Prod_SoutheastAsia_000j;migrationStage=NotStarted}
{"logTime": "0713/142938", "correlationVector":"yCrIs7FiY0RZSmmcjgJ0Ld.0","action":"FeedSettingFetch_homeCloud", "result":"0", "context":{}}
{"logTime": "0713/142938", "correlationVector":"ah+JKpCaQf0Hw9T4e+nGp0.1","action":"SyncServerConnectionManagerRequest", "result":"SYNC_SERVER_OK", "context":{"environment":"Prod_SoutheastAsia_000j", "migrationStage":"NotStarted", "server":"GENERAL01000010"}}
{"logTime": "0713/142938", "correlationVector":"ah+JKpCaQf0Hw9T4e+nGp0","action":"Initial GetUpdates", "result":"", "context":Reason: NEW_CLIENT. cV=ah+JKpCaQf0Hw9T4e+nGp0}
{"logTime": "0713/142938", "correlationVector":"ah+JKpCaQf0Hw9T4e+nGp0.2","action":"GetUpdates Response", "result":"SYNCER_OK", "context":Received 1 update(s). cV=ah+JKpCaQf0Hw9T4e+nGp0.0;server=GENERAL01000010;cloudType=Consumer;environment=Prod_SoutheastAsia_000j;migrationStage=NotStarted}
{"logTime": "0713/142938", "correlationVector":"L0FwNLgLO/xU78MwOoGL/b","action":"Normal GetUpdate request", "result":"", "context":cV=L0FwNLgLO/xU78MwOoGL/b
Nudged types: Sessions, User Consents
Refresh requested types: Bookmarks, Preferences, Autofill Custom Data, Typed URLs, Extensions, Sessions, Extension settings, History Delete Directives, Device Info, User Consents, Send Tab To Self, Web Apps, Collection, Edge E Drop, Encryption Keys}
{"logTime": "0713/142938", "correlationVector":"L0FwNLgLO/xU78MwOoGL/b.1","action":"SyncServerConnectionManagerRequest", "result":"SYNC_SERVER_OK", "context":{"environment":"Prod_SoutheastAsia_000j", "migrationStage":"NotStarted", "server":"GENERAL0100000T"}}
{"logTime": "0713/142938", "correlationVector":"L0FwNLgLO/xU78MwOoGL/b.2","action":"GetUpdates Response", "result":"SYNCER_OK", "context":Received 2 update(s). cV=L0FwNLgLO/xU78MwOoGL/b.0;server=GENERAL0100000T;cloudType=Consumer;environment=Prod_SoutheastAsia_000j;migrationStage=NotStarted}
{"logTime": "0713/142938", "correlationVector":"Cbn9WBqxytWcqnqDMLBMqM","action":"Commit Request", "result":"", "context":Item count: 4
Contributing types: Sessions, User Consents}
{"logTime": "0713/142938", "correlationVector":"Cbn9WBqxytWcqnqDMLBMqM.1","action":"SyncServerConnectionManagerRequest", "result":"SYNC_SERVER_OK", "context":{"environment":"Prod_SoutheastAsia_000j", "migrationStage":"NotStarted", "server":"general0100000F"}}
{"logTime": "0713/142938", "correlationVector":"Cbn9WBqxytWcqnqDMLBMqM.2","action":"Commit Response", "result":"SYNCER_OK", "context":Result: SYNCER_OK. cV=Cbn9WBqxytWcqnqDMLBMqM.0;server=general0100000F;cloudType=Consumer;environment=Prod_SoutheastAsia_000j;migrationStage=NotStarted}
{"logTime": "0713/142938", "correlationVector":"Cbn9WBqxytWcqnqDMLBMqM.3","action":"Commit.Sessions", "result":"Success", "context":{"id":"1800e6c2-01be-4bdb-b911-dcb90126f315", "isDeleted":"true", "size":"0", "version":"1689258359296"}}
{"logTime": "0713/142938", "correlationVector":"YLqno3IqaiTDQ9FUkBNV1h","action":"SyncServerConnectionManagerRequest", "result":"SYNC_SERVER_OK", "context":{"environment":"", "migrationStage":"", "server":""}}
{"logTime": "0713/142938", "correlationVector":"RRusLo3zt9gQv9MP2onykh","action":"Normal GetUpdate request", "result":"", "context":cV=RRusLo3zt9gQv9MP2onykh
Nudged types: Sessions
Refresh requested types: Encryption Keys}
{"logTime": "0713/142938", "correlationVector":"RRusLo3zt9gQv9MP2onykh.1","action":"SyncServerConnectionManagerRequest", "result":"SYNC_SERVER_OK", "context":{"environment":"Prod_SoutheastAsia_000j", "migrationStage":"NotStarted", "server":"GENERAL01000008"}}
{"logTime": "0713/142938", "correlationVector":"RRusLo3zt9gQv9MP2onykh.2","action":"GetUpdates", "result":"DeleteReceived", "context":{"id":"1800e6c2-01be-4bdb-b911-dcb90126f315", "isDeleted:":"true", "version":"1689258570699"}}
{"logTime": "0713/142938", "correlationVector":"RRusLo3zt9gQv9MP2onykh.3","action":"GetUpdates Response", "result":"SYNCER_OK", "context":Received 3 update(s). cV=RRusLo3zt9gQv9MP2onykh.0;server=GENERAL01000008;cloudType=Consumer;environment=Prod_SoutheastAsia_000j;migrationStage=NotStarted}
{"logTime": "0713/142938", "correlationVector":"7gpUeZc/K4uyD7NrjaDEKN","action":"Initial GetUpdates", "result":"", "context":Reason: NEWLY_SUPPORTED_DATATYPE. cV=7gpUeZc/K4uyD7NrjaDEKN}
{"logTime": "0713/142938", "correlationVector":"7gpUeZc/K4uyD7NrjaDEKN.1","action":"SyncServerConnectionManagerRequest", "result":"SYNC_SERVER_OK", "context":{"environment":"Prod_SoutheastAsia_000j", "migrationStage":"NotStarted", "server":"GENERAL01000010"}}
{"logTime": "0713/142938", "correlationVector":"7gpUeZc/K4uyD7NrjaDEKN.2","action":"GetUpdates Response", "result":"SYNCER_OK", "context":Received 18 update(s). cV=7gpUeZc/K4uyD7NrjaDEKN.0;server=GENERAL01000010;cloudType=Consumer;environment=Prod_SoutheastAsia_000j;migrationStage=NotStarted}
{"logTime": "0713/142938", "correlationVector":"XX53kXH58ZJ9rtvLsfiIjV","action":"Normal GetUpdate request", "result":"", "context":cV=XX53kXH58ZJ9rtvLsfiIjV
Refresh requested types: Bookmarks, Preferences, Passwords, Autofill Profiles, Autofill, Autofill Custom Data, Typed URLs, Extensions, Sessions, Extension settings, History Delete Directives, Device Info, User Consents, Send Tab To Self, Web Apps, Collection, Edge E Drop, Encryption Keys}
{"logTime": "0713/142938", "correlationVector":"XX53kXH58ZJ9rtvLsfiIjV.1","action":"SyncServerConnectionManagerRequest", "result":"SYNC_SERVER_OK", "context":{"environment":"Prod_SoutheastAsia_000j", "migrationStage":"NotStarted", "server":"GENERAL0100000L"}}
{"logTime": "0713/142938", "correlationVector":"XX53kXH58ZJ9rtvLsfiIjV.2","action":"GetUpdates Response", "result":"SYNCER_OK", "context":Received 0 update(s). cV=XX53kXH58ZJ9rtvLsfiIjV.0;server=GENERAL0100000L;cloudType=Consumer;environment=Prod_SoutheastAsia_000j;migrationStage=NotStarted}
{"logTime": "0713/143001", "correlationVector":"UfVjwqXttYjBKV2VqvFCFg","action":"Normal GetUpdate request", "result":"", "context":cV=UfVjwqXttYjBKV2VqvFCFg
Nudged types: Sessions}
{"logTime": "0713/143002", "correlationVector":"UfVjwqXttYjBKV2VqvFCFg.1","action":"SyncServerConnectionManagerRequest", "result":"SYNC_SERVER_OK", "context":{"environment":"Prod_SoutheastAsia_000j", "migrationStage":"NotStarted", "server":"GENERAL0100000P"}}
{"logTime": "0713/143002", "correlationVector":"UfVjwqXttYjBKV2VqvFCFg.2","action":"GetUpdates Response", "result":"SYNCER_OK", "context":Received 0 update(s). cV=UfVjwqXttYjBKV2VqvFCFg.0;server=GENERAL0100000P;cloudType=Consumer;environment=Prod_SoutheastAsia_000j;migrationStage=NotStarted}
{"logTime": "0713/143002", "correlationVector":"JCheG0j2+A+VVVm7N7lJrh","action":"Commit Request", "result":"", "context":Item count: 1
Contributing types: Sessions}
{"logTime": "0713/143002", "correlationVector":"JCheG0j2+A+VVVm7N7lJrh.1","action":"SyncServerConnectionManagerRequest", "result":"SYNC_SERVER_OK", "context":{"environment":"Prod_SoutheastAsia_000j", "migrationStage":"NotStarted", "server":"GENERAL0100000K"}}
{"logTime": "0713/143002", "correlationVector":"JCheG0j2+A+VVVm7N7lJrh.2","action":"Commit Response", "result":"SYNCER_OK", "context":Result: SYNCER_OK. cV=JCheG0j2+A+VVVm7N7lJrh.0;server=GENERAL0100000K;cloudType=Consumer;environment=Prod_SoutheastAsia_000j;migrationStage=NotStarted}
